[0.008s] Invoking command in '/home/glory/turtlesim_catch_them_all/build/turtle_game_bringup': /usr/bin/cmake /home/glory/turtlesim_catch_them_all/src/turtle_game_bringup -DCMAKE_INSTALL_PREFIX=/home/glory/turtlesim_catch_them_all/install/turtle_game_bringup
[0.137s] -- The C compiler identification is GNU 11.4.0
[0.232s] -- The CXX compiler identification is GNU 11.4.0
[0.245s] -- Detecting C compiler ABI info
[0.308s] -- Detecting C compiler ABI info - done
[0.312s] -- Check for working C compiler: /usr/bin/cc - skipped
[0.313s] -- Detecting C compile features
[0.314s] -- Detecting C compile features - done
[0.318s] -- Detecting CXX compiler ABI info
[0.392s] -- Detecting CXX compiler ABI info - done
[0.394s] -- Check for working CXX compiler: /usr/bin/c++ - skipped
[0.394s] -- Detecting CXX compile features
[0.395s] -- Detecting CXX compile features - done
[0.401s] -- Found ament_cmake: 1.3.8 (/opt/ros/humble/share/ament_cmake/cmake)
[0.555s] -- Found Python3: /usr/bin/python3 (found version "3.10.12") found components: Interpreter 
[0.690s] Error parsing '/home/glory/turtlesim_catch_them_all/src/turtle_game_bringup/package.xml':
[0.724s] Traceback (most recent call last):
[0.724s]   File "/opt/ros/humble/share/ament_cmake_core/cmake/core/package_xml_2_cmake.py", line 150, in <module>
[0.725s]     main()
[0.725s]   File "/opt/ros/humble/share/ament_cmake_core/cmake/core/package_xml_2_cmake.py", line 53, in main
[0.725s]     raise e
[0.725s]   File "/opt/ros/humble/share/ament_cmake_core/cmake/core/package_xml_2_cmake.py", line 49, in main
[0.725s]     package = parse_package_string(
[0.725s]   File "/usr/lib/python3/dist-packages/catkin_pkg/package.py", line 786, in parse_package_string
[0.726s]     raise InvalidPackage('Error(s):%s' % (''.join(['\n- %s' % e for e in errors])), filename)
[0.726s] catkin_pkg.package.InvalidPackage: Error(s) in package '/home/glory/turtlesim_catch_them_all/src/turtle_game_bringup/package.xml':
[0.727s] Error(s):
[0.727s] - The manifest of package "turtle_game_bringup" (with format version 3) must not contain the following tags: exce_depend
[0.739s] [31mCMake Error at /opt/ros/humble/share/ament_cmake_core/cmake/core/ament_package_xml.cmake:95 (message):
[0.739s]   execute_process(/usr/bin/python3
[0.739s]   /opt/ros/humble/share/ament_cmake_core/cmake/core/package_xml_2_cmake.py
[0.739s]   /home/glory/turtlesim_catch_them_all/src/turtle_game_bringup/package.xml
[0.739s]   /home/glory/turtlesim_catch_them_all/build/turtle_game_bringup/ament_cmake_core/package.cmake)
[0.739s]   returned error code 1
[0.739s] Call Stack (most recent call first):
[0.739s]   /opt/ros/humble/share/ament_cmake_core/cmake/core/ament_package_xml.cmake:49 (_ament_package_xml)
[0.739s]   /opt/ros/humble/share/ament_cmake_core/cmake/core/ament_package.cmake:63 (ament_package_xml)
[0.739s]   CMakeLists.txt:16 (ament_package)
[0.739s] 
[0.739s] [0m
[0.742s] -- Configuring incomplete, errors occurred!
[0.742s] See also "/home/glory/turtlesim_catch_them_all/build/turtle_game_bringup/CMakeFiles/CMakeOutput.log".
[0.746s] Invoked command in '/home/glory/turtlesim_catch_them_all/build/turtle_game_bringup' returned '1': /usr/bin/cmake /home/glory/turtlesim_catch_them_all/src/turtle_game_bringup -DCMAKE_INSTALL_PREFIX=/home/glory/turtlesim_catch_them_all/install/turtle_game_bringup
