-- Found ament_cmake: 1.3.8 (/opt/ros/humble/share/ament_cmake/cmake)
-- Override CMake install command with custom implementation using symlinks instead of copying resources
-- Configuring done
-- Generating done
-- Build files have been written to: /home/glory/turtlesim_catch_them_all/build/turtle_game_bringup
-- Install configuration: ""
-- Execute custom install script
-- Symlinking: /home/glory/turtlesim_catch_them_all/install/turtle_game_bringup/share/turtle_game_bringup/launch/turtle_game.launch.py
-- Symlinking: /home/glory/turtlesim_catch_them_all/install/turtle_game_bringup/share/ament_index/resource_index/package_run_dependencies/turtle_game_bringup
-- Symlinking: /home/glory/turtlesim_catch_them_all/install/turtle_game_bringup/share/ament_index/resource_index/parent_prefix_path/turtle_game_bringup
-- Symlinking: /home/glory/turtlesim_catch_them_all/install/turtle_game_bringup/share/turtle_game_bringup/environment/ament_prefix_path.sh
-- Symlinking: /home/glory/turtlesim_catch_them_all/install/turtle_game_bringup/share/turtle_game_bringup/environment/ament_prefix_path.dsv
-- Symlinking: /home/glory/turtlesim_catch_them_all/install/turtle_game_bringup/share/turtle_game_bringup/environment/path.sh
-- Symlinking: /home/glory/turtlesim_catch_them_all/install/turtle_game_bringup/share/turtle_game_bringup/environment/path.dsv
-- Symlinking: /home/glory/turtlesim_catch_them_all/install/turtle_game_bringup/share/turtle_game_bringup/local_setup.bash
-- Symlinking: /home/glory/turtlesim_catch_them_all/install/turtle_game_bringup/share/turtle_game_bringup/local_setup.sh
-- Symlinking: /home/glory/turtlesim_catch_them_all/install/turtle_game_bringup/share/turtle_game_bringup/local_setup.zsh
-- Symlinking: /home/glory/turtlesim_catch_them_all/install/turtle_game_bringup/share/turtle_game_bringup/local_setup.dsv
-- Symlinking: /home/glory/turtlesim_catch_them_all/install/turtle_game_bringup/share/turtle_game_bringup/package.dsv
-- Symlinking: /home/glory/turtlesim_catch_them_all/install/turtle_game_bringup/share/ament_index/resource_index/packages/turtle_game_bringup
-- Symlinking: /home/glory/turtlesim_catch_them_all/install/turtle_game_bringup/share/turtle_game_bringup/cmake/turtle_game_bringupConfig.cmake
-- Symlinking: /home/glory/turtlesim_catch_them_all/install/turtle_game_bringup/share/turtle_game_bringup/cmake/turtle_game_bringupConfig-version.cmake
-- Symlinking: /home/glory/turtlesim_catch_them_all/install/turtle_game_bringup/share/turtle_game_bringup/package.xml
