[0.010s] Invoking command in '/home/glory/turtlesim_catch_them_all/build/turtle_game_bringup': CMAKE_PREFIX_PATH=${CMAKE_PREFIX_PATH}:/home/glory/turtlesim_catch_them_all/install/py_pkg:/home/glory/ros2_ws/install/my_py_pkg:/home/glory/test1_ws/install/py_pkg:/opt/ros/humble /usr/bin/cmake /home/glory/turtlesim_catch_them_all/src/turtle_game_bringup -DAMENT_CMAKE_SYMLINK_INSTALL=1 -DCMAKE_INSTALL_PREFIX=/home/glory/turtlesim_catch_them_all/install/turtle_game_bringup
[0.023s] -- Found ament_cmake: 1.3.8 (/opt/ros/humble/share/ament_cmake/cmake)
[0.123s] -- Override CMake install command with custom implementation using symlinks instead of copying resources
[0.192s] -- Configuring done
[0.194s] -- Generating done
[0.195s] -- Build files have been written to: /home/glory/turtlesim_catch_them_all/build/turtle_game_bringup
[0.198s] Invoked command in '/home/glory/turtlesim_catch_them_all/build/turtle_game_bringup' returned '0': CMAKE_PREFIX_PATH=${CMAKE_PREFIX_PATH}:/home/glory/turtlesim_catch_them_all/install/py_pkg:/home/glory/ros2_ws/install/my_py_pkg:/home/glory/test1_ws/install/py_pkg:/opt/ros/humble /usr/bin/cmake /home/glory/turtlesim_catch_them_all/src/turtle_game_bringup -DAMENT_CMAKE_SYMLINK_INSTALL=1 -DCMAKE_INSTALL_PREFIX=/home/glory/turtlesim_catch_them_all/install/turtle_game_bringup
[0.198s] Invoking command in '/home/glory/turtlesim_catch_them_all/build/turtle_game_bringup': CMAKE_PREFIX_PATH=${CMAKE_PREFIX_PATH}:/home/glory/turtlesim_catch_them_all/install/py_pkg:/home/glory/ros2_ws/install/my_py_pkg:/home/glory/test1_ws/install/py_pkg:/opt/ros/humble /usr/bin/cmake --build /home/glory/turtlesim_catch_them_all/build/turtle_game_bringup -- -j3 -l3
[0.226s] Invoked command in '/home/glory/turtlesim_catch_them_all/build/turtle_game_bringup' returned '0': CMAKE_PREFIX_PATH=${CMAKE_PREFIX_PATH}:/home/glory/turtlesim_catch_them_all/install/py_pkg:/home/glory/ros2_ws/install/my_py_pkg:/home/glory/test1_ws/install/py_pkg:/opt/ros/humble /usr/bin/cmake --build /home/glory/turtlesim_catch_them_all/build/turtle_game_bringup -- -j3 -l3
[0.252s] Invoking command in '/home/glory/turtlesim_catch_them_all/build/turtle_game_bringup': CMAKE_PREFIX_PATH=${CMAKE_PREFIX_PATH}:/home/glory/turtlesim_catch_them_all/install/py_pkg:/home/glory/ros2_ws/install/my_py_pkg:/home/glory/test1_ws/install/py_pkg:/opt/ros/humble /usr/bin/cmake --install /home/glory/turtlesim_catch_them_all/build/turtle_game_bringup
[0.258s] -- Install configuration: ""
[0.259s] -- Execute custom install script
[0.259s] -- Symlinking: /home/glory/turtlesim_catch_them_all/install/turtle_game_bringup/share/turtle_game_bringup/launch/turtle_game.launch.py
[0.269s] -- Symlinking: /home/glory/turtlesim_catch_them_all/install/turtle_game_bringup/share/ament_index/resource_index/package_run_dependencies/turtle_game_bringup
[0.277s] -- Symlinking: /home/glory/turtlesim_catch_them_all/install/turtle_game_bringup/share/ament_index/resource_index/parent_prefix_path/turtle_game_bringup
[0.283s] -- Symlinking: /home/glory/turtlesim_catch_them_all/install/turtle_game_bringup/share/turtle_game_bringup/environment/ament_prefix_path.sh
[0.290s] -- Symlinking: /home/glory/turtlesim_catch_them_all/install/turtle_game_bringup/share/turtle_game_bringup/environment/ament_prefix_path.dsv
[0.297s] -- Symlinking: /home/glory/turtlesim_catch_them_all/install/turtle_game_bringup/share/turtle_game_bringup/environment/path.sh
[0.304s] -- Symlinking: /home/glory/turtlesim_catch_them_all/install/turtle_game_bringup/share/turtle_game_bringup/environment/path.dsv
[0.311s] -- Symlinking: /home/glory/turtlesim_catch_them_all/install/turtle_game_bringup/share/turtle_game_bringup/local_setup.bash
[0.318s] -- Symlinking: /home/glory/turtlesim_catch_them_all/install/turtle_game_bringup/share/turtle_game_bringup/local_setup.sh
[0.324s] -- Symlinking: /home/glory/turtlesim_catch_them_all/install/turtle_game_bringup/share/turtle_game_bringup/local_setup.zsh
[0.331s] -- Symlinking: /home/glory/turtlesim_catch_them_all/install/turtle_game_bringup/share/turtle_game_bringup/local_setup.dsv
[0.338s] -- Symlinking: /home/glory/turtlesim_catch_them_all/install/turtle_game_bringup/share/turtle_game_bringup/package.dsv
[0.348s] -- Symlinking: /home/glory/turtlesim_catch_them_all/install/turtle_game_bringup/share/ament_index/resource_index/packages/turtle_game_bringup
[0.356s] -- Symlinking: /home/glory/turtlesim_catch_them_all/install/turtle_game_bringup/share/turtle_game_bringup/cmake/turtle_game_bringupConfig.cmake
[0.363s] -- Symlinking: /home/glory/turtlesim_catch_them_all/install/turtle_game_bringup/share/turtle_game_bringup/cmake/turtle_game_bringupConfig-version.cmake
[0.371s] -- Symlinking: /home/glory/turtlesim_catch_them_all/install/turtle_game_bringup/share/turtle_game_bringup/package.xml
[0.380s] Invoked command in '/home/glory/turtlesim_catch_them_all/build/turtle_game_bringup' returned '0': CMAKE_PREFIX_PATH=${CMAKE_PREFIX_PATH}:/home/glory/turtlesim_catch_them_all/install/py_pkg:/home/glory/ros2_ws/install/my_py_pkg:/home/glory/test1_ws/install/py_pkg:/opt/ros/humble /usr/bin/cmake --install /home/glory/turtlesim_catch_them_all/build/turtle_game_bringup
