[0.018s] Invoking command in '/home/glory/turtlesim_catch_them_all/build/my_turtle_interfaces': CMAKE_PREFIX_PATH=${CMAKE_PREFIX_PATH}:/home/glory/turtlesim_catch_them_all/install/py_pkg:/home/glory/ros2_ws/install/my_py_pkg:/home/glory/test1_ws/install/py_pkg:/opt/ros/humble /usr/bin/cmake /home/glory/turtlesim_catch_them_all/src/my_turtle_interfaces -DAMENT_CMAKE_SYMLINK_INSTALL=1 -DCMAKE_INSTALL_PREFIX=/home/glory/turtlesim_catch_them_all/install/my_turtle_interfaces
[0.155s] -- The C compiler identification is GNU 11.4.0
[0.273s] -- The CXX compiler identification is GNU 11.4.0
[0.286s] -- Detecting C compiler ABI info
[0.358s] -- Detecting C compiler ABI info - done
[0.359s] -- Check for working C compiler: /usr/bin/cc - skipped
[0.359s] -- Detecting C compile features
[0.361s] -- Detecting C compile features - done
[0.364s] -- Detecting CXX compiler ABI info
[0.428s] -- Detecting CXX compiler ABI info - done
[0.435s] -- Check for working CXX compiler: /usr/bin/c++ - skipped
[0.435s] -- Detecting CXX compile features
[0.436s] -- Detecting CXX compile features - done
[0.449s] -- Found ament_cmake: 1.3.8 (/opt/ros/humble/share/ament_cmake/cmake)
[0.589s] -- Found Python3: /usr/bin/python3 (found version "3.10.12") found components: Interpreter 
[0.656s] -- Override CMake install command with custom implementation using symlinks instead of copying resources
[0.701s] -- Found rosidl_default_generators: 1.2.0 (/opt/ros/humble/share/rosidl_default_generators/cmake)
[0.707s] -- Using all available rosidl_typesupport_c: rosidl_typesupport_fastrtps_c;rosidl_typesupport_introspection_c
[0.717s] -- Found rosidl_adapter: 3.1.5 (/opt/ros/humble/share/rosidl_adapter/cmake)
[0.786s] -- Using all available rosidl_typesupport_cpp: rosidl_typesupport_fastrtps_cpp;rosidl_typesupport_introspection_cpp
[1.062s] -- Found ament_cmake_ros: 0.10.0 (/opt/ros/humble/share/ament_cmake_ros/cmake)
[1.224s] -- Using all available rosidl_typesupport_c: rosidl_typesupport_fastrtps_c;rosidl_typesupport_introspection_c
[1.433s] -- Using all available rosidl_typesupport_cpp: rosidl_typesupport_fastrtps_cpp;rosidl_typesupport_introspection_cpp
[1.456s] -- Found PythonInterp: /usr/bin/python3 (found suitable version "3.10.12", minimum required is "3.6") 
[1.459s] -- Found python_cmake_module: 0.10.0 (/opt/ros/humble/share/python_cmake_module/cmake)
[1.488s] -- Found PythonLibs: /usr/lib/x86_64-linux-gnu/libpython3.10.so (found suitable version "3.10.12", minimum required is "3.5") 
[1.489s] -- Using PYTHON_EXECUTABLE: /usr/bin/python3
[1.489s] -- Using PYTHON_INCLUDE_DIRS: /usr/include/python3.10
[1.489s] -- Using PYTHON_LIBRARIES: /usr/lib/x86_64-linux-gnu/libpython3.10.so
[1.507s] -- Found PythonExtra: .so  
[1.556s] -- Configuring done
[1.577s] -- Generating done
[1.579s] -- Build files have been written to: /home/glory/turtlesim_catch_them_all/build/my_turtle_interfaces
[1.585s] Invoked command in '/home/glory/turtlesim_catch_them_all/build/my_turtle_interfaces' returned '0': CMAKE_PREFIX_PATH=${CMAKE_PREFIX_PATH}:/home/glory/turtlesim_catch_them_all/install/py_pkg:/home/glory/ros2_ws/install/my_py_pkg:/home/glory/test1_ws/install/py_pkg:/opt/ros/humble /usr/bin/cmake /home/glory/turtlesim_catch_them_all/src/my_turtle_interfaces -DAMENT_CMAKE_SYMLINK_INSTALL=1 -DCMAKE_INSTALL_PREFIX=/home/glory/turtlesim_catch_them_all/install/my_turtle_interfaces
[1.586s] Invoking command in '/home/glory/turtlesim_catch_them_all/build/my_turtle_interfaces': CMAKE_PREFIX_PATH=${CMAKE_PREFIX_PATH}:/home/glory/turtlesim_catch_them_all/install/py_pkg:/home/glory/ros2_ws/install/my_py_pkg:/home/glory/test1_ws/install/py_pkg:/opt/ros/humble /usr/bin/cmake --build /home/glory/turtlesim_catch_them_all/build/my_turtle_interfaces -- -j3 -l3
[1.614s] [  3%] [34m[1mGenerating C code for ROS interfaces[0m
[1.629s] [  3%] Built target ament_cmake_python_symlink_my_turtle_interfaces
[1.629s] [  6%] [34m[1mGenerating C++ code for ROS interfaces[0m
[1.846s] running egg_info
[1.849s] creating my_turtle_interfaces.egg-info
[1.849s] writing my_turtle_interfaces.egg-info/PKG-INFO
[1.850s] writing dependency_links to my_turtle_interfaces.egg-info/dependency_links.txt
[1.850s] writing top-level names to my_turtle_interfaces.egg-info/top_level.txt
[1.850s] writing manifest file 'my_turtle_interfaces.egg-info/SOURCES.txt'
[1.853s] reading manifest file 'my_turtle_interfaces.egg-info/SOURCES.txt'
[1.854s] writing manifest file 'my_turtle_interfaces.egg-info/SOURCES.txt'
[1.860s] [  6%] Built target my_turtle_interfaces__cpp
[1.862s] [  9%] [32mBuilding C object CMakeFiles/my_turtle_interfaces__rosidl_generator_c.dir/rosidl_generator_c/my_turtle_interfaces/msg/detail/turtle_info__functions.c.o[0m
[1.869s] [ 12%] [34m[1mGenerating C++ type support dispatch for ROS interfaces[0m
[1.885s] [ 12%] Built target ament_cmake_python_build_my_turtle_interfaces_egg
[1.894s] [ 16%] [34m[1mGenerating C++ type support for eProsima Fast-RTPS[0m
[1.934s] [ 19%] [32m[1mLinking C shared library libmy_turtle_interfaces__rosidl_generator_c.so[0m
[1.981s] [ 19%] Built target my_turtle_interfaces__rosidl_generator_c
[1.988s] [ 22%] [34m[1mGenerating C++ introspection for ROS interfaces[0m
[2.088s] [ 25%] [32mBuilding CXX object CMakeFiles/my_turtle_interfaces__rosidl_typesupport_cpp.dir/rosidl_typesupport_cpp/my_turtle_interfaces/msg/turtle_info__type_support.cpp.o[0m
[2.102s] [ 29%] [32mBuilding CXX object CMakeFiles/my_turtle_interfaces__rosidl_typesupport_fastrtps_cpp.dir/rosidl_typesupport_fastrtps_cpp/my_turtle_interfaces/msg/detail/dds_fastrtps/turtle_info__type_support.cpp.o[0m
[2.218s] [ 32%] [32mBuilding CXX object CMakeFiles/my_turtle_interfaces__rosidl_typesupport_introspection_cpp.dir/rosidl_typesupport_introspection_cpp/my_turtle_interfaces/msg/detail/turtle_info__type_support.cpp.o[0m
[2.383s] [ 35%] [32m[1mLinking CXX shared library libmy_turtle_interfaces__rosidl_typesupport_cpp.so[0m
[2.420s] [ 35%] Built target my_turtle_interfaces__rosidl_typesupport_cpp
[2.429s] [ 38%] [34m[1mGenerating C type support for eProsima Fast-RTPS[0m
[2.481s] [ 41%] [32m[1mLinking CXX shared library libmy_turtle_interfaces__rosidl_typesupport_fastrtps_cpp.so[0m
[2.547s] [ 41%] Built target my_turtle_interfaces__rosidl_typesupport_fastrtps_cpp
[2.549s] [ 45%] [32m[1mLinking CXX shared library libmy_turtle_interfaces__rosidl_typesupport_introspection_cpp.so[0m
[2.559s] [ 48%] [34m[1mGenerating C introspection for ROS interfaces[0m
[2.608s] [ 48%] Built target my_turtle_interfaces__rosidl_typesupport_introspection_cpp
[2.616s] [ 51%] [34m[1mGenerating C type support dispatch for ROS interfaces[0m
[2.647s] [ 54%] [32mBuilding CXX object CMakeFiles/my_turtle_interfaces__rosidl_typesupport_fastrtps_c.dir/rosidl_typesupport_fastrtps_c/my_turtle_interfaces/msg/detail/turtle_info__type_support_c.cpp.o[0m
[2.754s] [ 58%] [32mBuilding C object CMakeFiles/my_turtle_interfaces__rosidl_typesupport_introspection_c.dir/rosidl_typesupport_introspection_c/my_turtle_interfaces/msg/detail/turtle_info__type_support.c.o[0m
[2.787s] [ 61%] [32m[1mLinking C shared library libmy_turtle_interfaces__rosidl_typesupport_introspection_c.so[0m
[2.810s] [ 64%] [32mBuilding CXX object CMakeFiles/my_turtle_interfaces__rosidl_typesupport_c.dir/rosidl_typesupport_c/my_turtle_interfaces/msg/turtle_info__type_support.cpp.o[0m
[2.812s] [ 64%] Built target my_turtle_interfaces__rosidl_typesupport_introspection_c
[2.836s] [ 67%] [32m[1mLinking CXX shared library libmy_turtle_interfaces__rosidl_typesupport_c.so[0m
[2.871s] [ 67%] Built target my_turtle_interfaces__rosidl_typesupport_c
[2.928s] [ 70%] [32m[1mLinking CXX shared library libmy_turtle_interfaces__rosidl_typesupport_fastrtps_c.so[0m
[2.990s] [ 70%] Built target my_turtle_interfaces__rosidl_typesupport_fastrtps_c
[3.005s] [ 70%] Built target my_turtle_interfaces
[3.020s] [ 74%] [34m[1mGenerating Python code for ROS interfaces[0m
[3.254s] [ 74%] Built target my_turtle_interfaces__py
[3.273s] [ 77%] [32mBuilding C object CMakeFiles/my_turtle_interfaces__rosidl_generator_py.dir/rosidl_generator_py/my_turtle_interfaces/msg/_turtle_info_s.c.o[0m
[3.391s] [ 80%] [32m[1mLinking C shared library rosidl_generator_py/my_turtle_interfaces/libmy_turtle_interfaces__rosidl_generator_py.so[0m
[3.419s] [ 80%] Built target my_turtle_interfaces__rosidl_generator_py
[3.435s] [ 87%] [32mBuilding C object CMakeFiles/my_turtle_interfaces__rosidl_typesupport_c__pyext.dir/rosidl_generator_py/my_turtle_interfaces/_my_turtle_interfaces_s.ep.rosidl_typesupport_c.c.o[0m
[3.436s] [ 87%] [32mBuilding C object CMakeFiles/my_turtle_interfaces__rosidl_typesupport_fastrtps_c__pyext.dir/rosidl_generator_py/my_turtle_interfaces/_my_turtle_interfaces_s.ep.rosidl_typesupport_fastrtps_c.c.o[0m
[3.437s] [ 90%] [32mBuilding C object CMakeFiles/my_turtle_interfaces__rosidl_typesupport_introspection_c__pyext.dir/rosidl_generator_py/my_turtle_interfaces/_my_turtle_interfaces_s.ep.rosidl_typesupport_introspection_c.c.o[0m
[3.512s] [100%] [32m[1mLinking C shared library rosidl_generator_py/my_turtle_interfaces/my_turtle_interfaces_s__rosidl_typesupport_c.cpython-310-x86_64-linux-gnu.so[0m
[3.513s] [100%] [32m[1mLinking C shared library rosidl_generator_py/my_turtle_interfaces/my_turtle_interfaces_s__rosidl_typesupport_fastrtps_c.cpython-310-x86_64-linux-gnu.so[0m
[3.513s] [100%] [32m[1mLinking C shared library rosidl_generator_py/my_turtle_interfaces/my_turtle_interfaces_s__rosidl_typesupport_introspection_c.cpython-310-x86_64-linux-gnu.so[0m
[3.539s] [100%] Built target my_turtle_interfaces__rosidl_typesupport_c__pyext
[3.540s] [100%] Built target my_turtle_interfaces__rosidl_typesupport_introspection_c__pyext
[3.541s] [100%] Built target my_turtle_interfaces__rosidl_typesupport_fastrtps_c__pyext
[3.551s] Invoked command in '/home/glory/turtlesim_catch_them_all/build/my_turtle_interfaces' returned '0': CMAKE_PREFIX_PATH=${CMAKE_PREFIX_PATH}:/home/glory/turtlesim_catch_them_all/install/py_pkg:/home/glory/ros2_ws/install/my_py_pkg:/home/glory/test1_ws/install/py_pkg:/opt/ros/humble /usr/bin/cmake --build /home/glory/turtlesim_catch_them_all/build/my_turtle_interfaces -- -j3 -l3
[3.608s] Invoking command in '/home/glory/turtlesim_catch_them_all/build/my_turtle_interfaces': CMAKE_PREFIX_PATH=${CMAKE_PREFIX_PATH}:/home/glory/turtlesim_catch_them_all/install/py_pkg:/home/glory/ros2_ws/install/my_py_pkg:/home/glory/test1_ws/install/py_pkg:/opt/ros/humble /usr/bin/cmake --install /home/glory/turtlesim_catch_them_all/build/my_turtle_interfaces
[3.615s] -- Install configuration: ""
[3.616s] -- Execute custom install script
[3.617s] -- Symlinking: /home/glory/turtlesim_catch_them_all/install/my_turtle_interfaces/share/ament_index/resource_index/rosidl_interfaces/my_turtle_interfaces
[3.625s] -- Symlinking: /home/glory/turtlesim_catch_them_all/install/my_turtle_interfaces/include/my_turtle_interfaces/my_turtle_interfaces/msg/detail/turtle_info__functions.h
[3.632s] -- Symlinking: /home/glory/turtlesim_catch_them_all/install/my_turtle_interfaces/include/my_turtle_interfaces/my_turtle_interfaces/msg/detail/turtle_info__struct.h
[3.639s] -- Symlinking: /home/glory/turtlesim_catch_them_all/install/my_turtle_interfaces/include/my_turtle_interfaces/my_turtle_interfaces/msg/detail/turtle_info__type_support.h
[3.646s] -- Symlinking: /home/glory/turtlesim_catch_them_all/install/my_turtle_interfaces/include/my_turtle_interfaces/my_turtle_interfaces/msg/rosidl_generator_c__visibility_control.h
[3.653s] -- Symlinking: /home/glory/turtlesim_catch_them_all/install/my_turtle_interfaces/include/my_turtle_interfaces/my_turtle_interfaces/msg/turtle_info.h
[3.660s] -- Symlinking: /home/glory/turtlesim_catch_them_all/install/my_turtle_interfaces/share/my_turtle_interfaces/environment/library_path.sh
[3.667s] -- Symlinking: /home/glory/turtlesim_catch_them_all/install/my_turtle_interfaces/share/my_turtle_interfaces/environment/library_path.dsv
[3.677s] -- Symlinking: /home/glory/turtlesim_catch_them_all/install/my_turtle_interfaces/include/my_turtle_interfaces/my_turtle_interfaces/msg/detail/turtle_info__rosidl_typesupport_fastrtps_c.h
[3.684s] -- Symlinking: /home/glory/turtlesim_catch_them_all/install/my_turtle_interfaces/include/my_turtle_interfaces/my_turtle_interfaces/msg/rosidl_typesupport_fastrtps_c__visibility_control.h
[3.691s] -- Symlinking: /home/glory/turtlesim_catch_them_all/install/my_turtle_interfaces/include/my_turtle_interfaces/my_turtle_interfaces/msg/detail/turtle_info__rosidl_typesupport_introspection_c.h
[3.698s] -- Symlinking: /home/glory/turtlesim_catch_them_all/install/my_turtle_interfaces/include/my_turtle_interfaces/my_turtle_interfaces/msg/rosidl_typesupport_introspection_c__visibility_control.h
[3.707s] -- Symlinking: /home/glory/turtlesim_catch_them_all/install/my_turtle_interfaces/include/my_turtle_interfaces/my_turtle_interfaces/msg/detail/turtle_info__builder.hpp
[3.715s] -- Symlinking: /home/glory/turtlesim_catch_them_all/install/my_turtle_interfaces/include/my_turtle_interfaces/my_turtle_interfaces/msg/detail/turtle_info__struct.hpp
[3.723s] -- Symlinking: /home/glory/turtlesim_catch_them_all/install/my_turtle_interfaces/include/my_turtle_interfaces/my_turtle_interfaces/msg/detail/turtle_info__traits.hpp
[3.730s] -- Symlinking: /home/glory/turtlesim_catch_them_all/install/my_turtle_interfaces/include/my_turtle_interfaces/my_turtle_interfaces/msg/turtle_info.hpp
[3.736s] -- Symlinking: /home/glory/turtlesim_catch_them_all/install/my_turtle_interfaces/include/my_turtle_interfaces/my_turtle_interfaces/msg/detail/turtle_info__rosidl_typesupport_fastrtps_cpp.hpp
[3.742s] -- Symlinking: /home/glory/turtlesim_catch_them_all/install/my_turtle_interfaces/include/my_turtle_interfaces/my_turtle_interfaces/msg/rosidl_typesupport_fastrtps_cpp__visibility_control.h
[3.749s] -- Symlinking: /home/glory/turtlesim_catch_them_all/install/my_turtle_interfaces/include/my_turtle_interfaces/my_turtle_interfaces/msg/detail/turtle_info__rosidl_typesupport_introspection_cpp.hpp
[3.755s] -- Symlinking: /home/glory/turtlesim_catch_them_all/install/my_turtle_interfaces/share/my_turtle_interfaces/environment/pythonpath.sh
[3.762s] -- Symlinking: /home/glory/turtlesim_catch_them_all/install/my_turtle_interfaces/share/my_turtle_interfaces/environment/pythonpath.dsv
[3.771s] -- Symlinking: /home/glory/turtlesim_catch_them_all/install/my_turtle_interfaces/local/lib/python3.10/dist-packages/my_turtle_interfaces-0.0.0-py3.10.egg-info/PKG-INFO
[3.778s] -- Symlinking: /home/glory/turtlesim_catch_them_all/install/my_turtle_interfaces/local/lib/python3.10/dist-packages/my_turtle_interfaces-0.0.0-py3.10.egg-info/SOURCES.txt
[3.785s] -- Symlinking: /home/glory/turtlesim_catch_them_all/install/my_turtle_interfaces/local/lib/python3.10/dist-packages/my_turtle_interfaces-0.0.0-py3.10.egg-info/dependency_links.txt
[3.792s] -- Symlinking: /home/glory/turtlesim_catch_them_all/install/my_turtle_interfaces/local/lib/python3.10/dist-packages/my_turtle_interfaces-0.0.0-py3.10.egg-info/top_level.txt
[3.798s] -- Symlinking: /home/glory/turtlesim_catch_them_all/install/my_turtle_interfaces/local/lib/python3.10/dist-packages/my_turtle_interfaces/__init__.py
[3.805s] -- Symlinking: /home/glory/turtlesim_catch_them_all/install/my_turtle_interfaces/local/lib/python3.10/dist-packages/my_turtle_interfaces/_my_turtle_interfaces_s.ep.rosidl_typesupport_c.c
[3.811s] -- Symlinking: /home/glory/turtlesim_catch_them_all/install/my_turtle_interfaces/local/lib/python3.10/dist-packages/my_turtle_interfaces/_my_turtle_interfaces_s.ep.rosidl_typesupport_fastrtps_c.c
[3.821s] -- Symlinking: /home/glory/turtlesim_catch_them_all/install/my_turtle_interfaces/local/lib/python3.10/dist-packages/my_turtle_interfaces/_my_turtle_interfaces_s.ep.rosidl_typesupport_introspection_c.c
[3.829s] -- Symlinking: /home/glory/turtlesim_catch_them_all/install/my_turtle_interfaces/local/lib/python3.10/dist-packages/my_turtle_interfaces/libmy_turtle_interfaces__rosidl_generator_py.so
[3.836s] -- Symlinking: /home/glory/turtlesim_catch_them_all/install/my_turtle_interfaces/local/lib/python3.10/dist-packages/my_turtle_interfaces/msg/__init__.py
[3.842s] -- Symlinking: /home/glory/turtlesim_catch_them_all/install/my_turtle_interfaces/local/lib/python3.10/dist-packages/my_turtle_interfaces/msg/_turtle_info.py
[3.848s] -- Symlinking: /home/glory/turtlesim_catch_them_all/install/my_turtle_interfaces/local/lib/python3.10/dist-packages/my_turtle_interfaces/msg/_turtle_info_s.c
[3.854s] -- Symlinking: /home/glory/turtlesim_catch_them_all/install/my_turtle_interfaces/local/lib/python3.10/dist-packages/my_turtle_interfaces/my_turtle_interfaces_s__rosidl_typesupport_c.cpython-310-x86_64-linux-gnu.so
[3.860s] -- Symlinking: /home/glory/turtlesim_catch_them_all/install/my_turtle_interfaces/local/lib/python3.10/dist-packages/my_turtle_interfaces/my_turtle_interfaces_s__rosidl_typesupport_fastrtps_c.cpython-310-x86_64-linux-gnu.so
[3.866s] -- Symlinking: /home/glory/turtlesim_catch_them_all/install/my_turtle_interfaces/local/lib/python3.10/dist-packages/my_turtle_interfaces/my_turtle_interfaces_s__rosidl_typesupport_introspection_c.cpython-310-x86_64-linux-gnu.so
[3.873s] -- Up-to-date symlink: /home/glory/turtlesim_catch_them_all/install/my_turtle_interfaces/local/lib/python3.10/dist-packages/my_turtle_interfaces/my_turtle_interfaces_s__rosidl_typesupport_fastrtps_c.cpython-310-x86_64-linux-gnu.so
[3.873s] -- Up-to-date symlink: /home/glory/turtlesim_catch_them_all/install/my_turtle_interfaces/local/lib/python3.10/dist-packages/my_turtle_interfaces/my_turtle_interfaces_s__rosidl_typesupport_introspection_c.cpython-310-x86_64-linux-gnu.so
[3.873s] -- Up-to-date symlink: /home/glory/turtlesim_catch_them_all/install/my_turtle_interfaces/local/lib/python3.10/dist-packages/my_turtle_interfaces/my_turtle_interfaces_s__rosidl_typesupport_c.cpython-310-x86_64-linux-gnu.so
[3.873s] -- Symlinking: /home/glory/turtlesim_catch_them_all/install/my_turtle_interfaces/share/my_turtle_interfaces/msg/TurtleInfo.idl
[3.879s] -- Symlinking: /home/glory/turtlesim_catch_them_all/install/my_turtle_interfaces/share/my_turtle_interfaces/msg/TurtleInfo.msg
[3.888s] -- Symlinking: /home/glory/turtlesim_catch_them_all/install/my_turtle_interfaces/share/ament_index/resource_index/package_run_dependencies/my_turtle_interfaces
[3.895s] -- Symlinking: /home/glory/turtlesim_catch_them_all/install/my_turtle_interfaces/share/ament_index/resource_index/parent_prefix_path/my_turtle_interfaces
[3.902s] -- Symlinking: /home/glory/turtlesim_catch_them_all/install/my_turtle_interfaces/share/my_turtle_interfaces/environment/ament_prefix_path.sh
[3.908s] -- Symlinking: /home/glory/turtlesim_catch_them_all/install/my_turtle_interfaces/share/my_turtle_interfaces/environment/ament_prefix_path.dsv
[3.915s] -- Symlinking: /home/glory/turtlesim_catch_them_all/install/my_turtle_interfaces/share/my_turtle_interfaces/environment/path.sh
[3.921s] -- Symlinking: /home/glory/turtlesim_catch_them_all/install/my_turtle_interfaces/share/my_turtle_interfaces/environment/path.dsv
[3.927s] -- Symlinking: /home/glory/turtlesim_catch_them_all/install/my_turtle_interfaces/share/my_turtle_interfaces/local_setup.bash
[3.933s] -- Symlinking: /home/glory/turtlesim_catch_them_all/install/my_turtle_interfaces/share/my_turtle_interfaces/local_setup.sh
[3.940s] -- Symlinking: /home/glory/turtlesim_catch_them_all/install/my_turtle_interfaces/share/my_turtle_interfaces/local_setup.zsh
[3.947s] -- Symlinking: /home/glory/turtlesim_catch_them_all/install/my_turtle_interfaces/share/my_turtle_interfaces/local_setup.dsv
[3.953s] -- Symlinking: /home/glory/turtlesim_catch_them_all/install/my_turtle_interfaces/share/my_turtle_interfaces/package.dsv
[3.960s] -- Symlinking: /home/glory/turtlesim_catch_them_all/install/my_turtle_interfaces/share/ament_index/resource_index/packages/my_turtle_interfaces
[3.966s] -- Symlinking: /home/glory/turtlesim_catch_them_all/install/my_turtle_interfaces/share/my_turtle_interfaces/cmake/rosidl_cmake-extras.cmake
[3.973s] -- Symlinking: /home/glory/turtlesim_catch_them_all/install/my_turtle_interfaces/share/my_turtle_interfaces/cmake/ament_cmake_export_include_directories-extras.cmake
[3.983s] -- Symlinking: /home/glory/turtlesim_catch_them_all/install/my_turtle_interfaces/share/my_turtle_interfaces/cmake/ament_cmake_export_libraries-extras.cmake
[3.990s] -- Symlinking: /home/glory/turtlesim_catch_them_all/install/my_turtle_interfaces/share/my_turtle_interfaces/cmake/ament_cmake_export_targets-extras.cmake
[3.998s] -- Symlinking: /home/glory/turtlesim_catch_them_all/install/my_turtle_interfaces/share/my_turtle_interfaces/cmake/rosidl_cmake_export_typesupport_targets-extras.cmake
[4.004s] -- Symlinking: /home/glory/turtlesim_catch_them_all/install/my_turtle_interfaces/share/my_turtle_interfaces/cmake/ament_cmake_export_dependencies-extras.cmake
[4.011s] -- Symlinking: /home/glory/turtlesim_catch_them_all/install/my_turtle_interfaces/share/my_turtle_interfaces/cmake/rosidl_cmake_export_typesupport_libraries-extras.cmake
[4.017s] -- Symlinking: /home/glory/turtlesim_catch_them_all/install/my_turtle_interfaces/share/my_turtle_interfaces/cmake/my_turtle_interfacesConfig.cmake
[4.024s] -- Symlinking: /home/glory/turtlesim_catch_them_all/install/my_turtle_interfaces/share/my_turtle_interfaces/cmake/my_turtle_interfacesConfig-version.cmake
[4.031s] -- Symlinking: /home/glory/turtlesim_catch_them_all/install/my_turtle_interfaces/share/my_turtle_interfaces/package.xml
[4.037s] -- Installing: /home/glory/turtlesim_catch_them_all/install/my_turtle_interfaces/lib/libmy_turtle_interfaces__rosidl_generator_c.so
[4.039s] -- Set runtime path of "/home/glory/turtlesim_catch_them_all/install/my_turtle_interfaces/lib/libmy_turtle_interfaces__rosidl_generator_c.so" to ""
[4.039s] -- Installing: /home/glory/turtlesim_catch_them_all/install/my_turtle_interfaces/lib/libmy_turtle_interfaces__rosidl_typesupport_fastrtps_c.so
[4.041s] -- Set runtime path of "/home/glory/turtlesim_catch_them_all/install/my_turtle_interfaces/lib/libmy_turtle_interfaces__rosidl_typesupport_fastrtps_c.so" to ""
[4.041s] -- Installing: /home/glory/turtlesim_catch_them_all/install/my_turtle_interfaces/lib/libmy_turtle_interfaces__rosidl_typesupport_introspection_c.so
[4.043s] -- Set runtime path of "/home/glory/turtlesim_catch_them_all/install/my_turtle_interfaces/lib/libmy_turtle_interfaces__rosidl_typesupport_introspection_c.so" to ""
[4.043s] -- Installing: /home/glory/turtlesim_catch_them_all/install/my_turtle_interfaces/lib/libmy_turtle_interfaces__rosidl_typesupport_c.so
[4.043s] -- Set runtime path of "/home/glory/turtlesim_catch_them_all/install/my_turtle_interfaces/lib/libmy_turtle_interfaces__rosidl_typesupport_c.so" to ""
[4.043s] -- Installing: /home/glory/turtlesim_catch_them_all/install/my_turtle_interfaces/lib/libmy_turtle_interfaces__rosidl_typesupport_fastrtps_cpp.so
[4.044s] -- Set runtime path of "/home/glory/turtlesim_catch_them_all/install/my_turtle_interfaces/lib/libmy_turtle_interfaces__rosidl_typesupport_fastrtps_cpp.so" to ""
[4.044s] -- Installing: /home/glory/turtlesim_catch_them_all/install/my_turtle_interfaces/lib/libmy_turtle_interfaces__rosidl_typesupport_introspection_cpp.so
[4.044s] -- Set runtime path of "/home/glory/turtlesim_catch_them_all/install/my_turtle_interfaces/lib/libmy_turtle_interfaces__rosidl_typesupport_introspection_cpp.so" to ""
[4.045s] -- Installing: /home/glory/turtlesim_catch_them_all/install/my_turtle_interfaces/lib/libmy_turtle_interfaces__rosidl_typesupport_cpp.so
[4.045s] -- Set runtime path of "/home/glory/turtlesim_catch_them_all/install/my_turtle_interfaces/lib/libmy_turtle_interfaces__rosidl_typesupport_cpp.so" to ""
[4.106s] Listing '/home/glory/turtlesim_catch_them_all/install/my_turtle_interfaces/local/lib/python3.10/dist-packages/my_turtle_interfaces'...
[4.106s] Compiling '/home/glory/turtlesim_catch_them_all/install/my_turtle_interfaces/local/lib/python3.10/dist-packages/my_turtle_interfaces/__init__.py'...
[4.106s] Listing '/home/glory/turtlesim_catch_them_all/install/my_turtle_interfaces/local/lib/python3.10/dist-packages/my_turtle_interfaces/msg'...
[4.106s] Compiling '/home/glory/turtlesim_catch_them_all/install/my_turtle_interfaces/local/lib/python3.10/dist-packages/my_turtle_interfaces/msg/__init__.py'...
[4.106s] Compiling '/home/glory/turtlesim_catch_them_all/install/my_turtle_interfaces/local/lib/python3.10/dist-packages/my_turtle_interfaces/msg/_turtle_info.py'...
[4.109s] -- Installing: /home/glory/turtlesim_catch_them_all/install/my_turtle_interfaces/lib/libmy_turtle_interfaces__rosidl_generator_py.so
[4.109s] -- Set runtime path of "/home/glory/turtlesim_catch_them_all/install/my_turtle_interfaces/lib/libmy_turtle_interfaces__rosidl_generator_py.so" to ""
[4.110s] -- Installing: /home/glory/turtlesim_catch_them_all/install/my_turtle_interfaces/share/my_turtle_interfaces/cmake/export_my_turtle_interfaces__rosidl_generator_cExport.cmake
[4.110s] -- Installing: /home/glory/turtlesim_catch_them_all/install/my_turtle_interfaces/share/my_turtle_interfaces/cmake/export_my_turtle_interfaces__rosidl_generator_cExport-noconfig.cmake
[4.110s] -- Installing: /home/glory/turtlesim_catch_them_all/install/my_turtle_interfaces/share/my_turtle_interfaces/cmake/export_my_turtle_interfaces__rosidl_typesupport_fastrtps_cExport.cmake
[4.110s] -- Installing: /home/glory/turtlesim_catch_them_all/install/my_turtle_interfaces/share/my_turtle_interfaces/cmake/export_my_turtle_interfaces__rosidl_typesupport_fastrtps_cExport-noconfig.cmake
[4.110s] -- Installing: /home/glory/turtlesim_catch_them_all/install/my_turtle_interfaces/share/my_turtle_interfaces/cmake/my_turtle_interfaces__rosidl_typesupport_introspection_cExport.cmake
[4.111s] -- Installing: /home/glory/turtlesim_catch_them_all/install/my_turtle_interfaces/share/my_turtle_interfaces/cmake/my_turtle_interfaces__rosidl_typesupport_introspection_cExport-noconfig.cmake
[4.111s] -- Installing: /home/glory/turtlesim_catch_them_all/install/my_turtle_interfaces/share/my_turtle_interfaces/cmake/my_turtle_interfaces__rosidl_typesupport_cExport.cmake
[4.111s] -- Installing: /home/glory/turtlesim_catch_them_all/install/my_turtle_interfaces/share/my_turtle_interfaces/cmake/my_turtle_interfaces__rosidl_typesupport_cExport-noconfig.cmake
[4.112s] -- Installing: /home/glory/turtlesim_catch_them_all/install/my_turtle_interfaces/share/my_turtle_interfaces/cmake/export_my_turtle_interfaces__rosidl_generator_cppExport.cmake
[4.112s] -- Installing: /home/glory/turtlesim_catch_them_all/install/my_turtle_interfaces/share/my_turtle_interfaces/cmake/export_my_turtle_interfaces__rosidl_typesupport_fastrtps_cppExport.cmake
[4.112s] -- Installing: /home/glory/turtlesim_catch_them_all/install/my_turtle_interfaces/share/my_turtle_interfaces/cmake/export_my_turtle_interfaces__rosidl_typesupport_fastrtps_cppExport-noconfig.cmake
[4.112s] -- Installing: /home/glory/turtlesim_catch_them_all/install/my_turtle_interfaces/share/my_turtle_interfaces/cmake/my_turtle_interfaces__rosidl_typesupport_introspection_cppExport.cmake
[4.113s] -- Installing: /home/glory/turtlesim_catch_them_all/install/my_turtle_interfaces/share/my_turtle_interfaces/cmake/my_turtle_interfaces__rosidl_typesupport_introspection_cppExport-noconfig.cmake
[4.113s] -- Installing: /home/glory/turtlesim_catch_them_all/install/my_turtle_interfaces/share/my_turtle_interfaces/cmake/my_turtle_interfaces__rosidl_typesupport_cppExport.cmake
[4.113s] -- Installing: /home/glory/turtlesim_catch_them_all/install/my_turtle_interfaces/share/my_turtle_interfaces/cmake/my_turtle_interfaces__rosidl_typesupport_cppExport-noconfig.cmake
[4.113s] -- Installing: /home/glory/turtlesim_catch_them_all/install/my_turtle_interfaces/share/my_turtle_interfaces/cmake/export_my_turtle_interfaces__rosidl_generator_pyExport.cmake
[4.114s] -- Installing: /home/glory/turtlesim_catch_them_all/install/my_turtle_interfaces/share/my_turtle_interfaces/cmake/export_my_turtle_interfaces__rosidl_generator_pyExport-noconfig.cmake
[4.117s] Invoked command in '/home/glory/turtlesim_catch_them_all/build/my_turtle_interfaces' returned '0': CMAKE_PREFIX_PATH=${CMAKE_PREFIX_PATH}:/home/glory/turtlesim_catch_them_all/install/py_pkg:/home/glory/ros2_ws/install/my_py_pkg:/home/glory/test1_ws/install/py_pkg:/opt/ros/humble /usr/bin/cmake --install /home/glory/turtlesim_catch_them_all/build/my_turtle_interfaces
