[0.013s] Invoking command in '/home/glory/turtlesim_catch_them_all/build/my_turtle_interfaces': CMAKE_PREFIX_PATH=${CMAKE_PREFIX_PATH}:/home/glory/turtlesim_catch_them_all/install/py_pkg:/home/glory/ros2_ws/install/my_py_pkg:/home/glory/test1_ws/install/py_pkg:/opt/ros/humble /usr/bin/cmake --build /home/glory/turtlesim_catch_them_all/build/my_turtle_interfaces -- -j3 -l3
[0.096s] [35m[1mConsolidate compiler generated dependencies of target my_turtle_interfaces__rosidl_generator_c[0m
[0.098s] [  3%] Built target my_turtle_interfaces__cpp
[0.107s] [  3%] Built target ament_cmake_python_symlink_my_turtle_interfaces
[0.114s] [35m[1mConsolidate compiler generated dependencies of target my_turtle_interfaces__rosidl_typesupport_cpp[0m
[0.114s] [ 12%] Built target my_turtle_interfaces__rosidl_generator_c
[0.154s] [35m[1mConsolidate compiler generated dependencies of target my_turtle_interfaces__rosidl_typesupport_fastrtps_cpp[0m
[0.160s] [35m[1mConsolidate compiler generated dependencies of target my_turtle_interfaces__rosidl_typesupport_introspection_cpp[0m
[0.177s] [ 22%] Built target my_turtle_interfaces__rosidl_typesupport_cpp
[0.177s] [ 32%] Built target my_turtle_interfaces__rosidl_typesupport_introspection_cpp
[0.183s] [ 41%] Built target my_turtle_interfaces__rosidl_typesupport_fastrtps_cpp
[0.195s] [35m[1mConsolidate compiler generated dependencies of target my_turtle_interfaces__rosidl_typesupport_introspection_c[0m
[0.199s] [35m[1mConsolidate compiler generated dependencies of target my_turtle_interfaces__rosidl_typesupport_fastrtps_c[0m
[0.226s] [ 51%] Built target my_turtle_interfaces__rosidl_typesupport_introspection_c
[0.261s] [ 61%] Built target my_turtle_interfaces__rosidl_typesupport_fastrtps_c
[0.261s] [35m[1mConsolidate compiler generated dependencies of target my_turtle_interfaces__rosidl_typesupport_c[0m
[0.270s] [ 70%] Built target my_turtle_interfaces__rosidl_typesupport_c
[0.290s] [ 70%] Built target my_turtle_interfaces
[0.309s] [ 74%] Built target my_turtle_interfaces__py
[0.320s] [35m[1mConsolidate compiler generated dependencies of target my_turtle_interfaces__rosidl_generator_py[0m
[0.339s] [ 80%] Built target my_turtle_interfaces__rosidl_generator_py
[0.352s] [35m[1mConsolidate compiler generated dependencies of target my_turtle_interfaces__rosidl_typesupport_fastrtps_c__pyext[0m
[0.357s] [35m[1mConsolidate compiler generated dependencies of target my_turtle_interfaces__rosidl_typesupport_introspection_c__pyext[0m
[0.368s] [ 90%] Built target my_turtle_interfaces__rosidl_typesupport_introspection_c__pyext
[0.369s] [ 93%] Built target my_turtle_interfaces__rosidl_typesupport_fastrtps_c__pyext
[0.379s] [35m[1mConsolidate compiler generated dependencies of target my_turtle_interfaces__rosidl_typesupport_c__pyext[0m
[0.391s] [100%] Built target my_turtle_interfaces__rosidl_typesupport_c__pyext
[0.422s] running egg_info
[0.423s] writing my_turtle_interfaces.egg-info/PKG-INFO
[0.423s] writing dependency_links to my_turtle_interfaces.egg-info/dependency_links.txt
[0.423s] writing top-level names to my_turtle_interfaces.egg-info/top_level.txt
[0.426s] reading manifest file 'my_turtle_interfaces.egg-info/SOURCES.txt'
[0.427s] writing manifest file 'my_turtle_interfaces.egg-info/SOURCES.txt'
[0.452s] [100%] Built target ament_cmake_python_build_my_turtle_interfaces_egg
[0.463s] Invoked command in '/home/glory/turtlesim_catch_them_all/build/my_turtle_interfaces' returned '0': CMAKE_PREFIX_PATH=${CMAKE_PREFIX_PATH}:/home/glory/turtlesim_catch_them_all/install/py_pkg:/home/glory/ros2_ws/install/my_py_pkg:/home/glory/test1_ws/install/py_pkg:/opt/ros/humble /usr/bin/cmake --build /home/glory/turtlesim_catch_them_all/build/my_turtle_interfaces -- -j3 -l3
[0.529s] Invoking command in '/home/glory/turtlesim_catch_them_all/build/my_turtle_interfaces': CMAKE_PREFIX_PATH=${CMAKE_PREFIX_PATH}:/home/glory/turtlesim_catch_them_all/install/py_pkg:/home/glory/ros2_ws/install/my_py_pkg:/home/glory/test1_ws/install/py_pkg:/opt/ros/humble /usr/bin/cmake --install /home/glory/turtlesim_catch_them_all/build/my_turtle_interfaces
[0.542s] -- Install configuration: ""
[0.545s] -- Execute custom install script
[0.546s] -- Up-to-date symlink: /home/glory/turtlesim_catch_them_all/install/my_turtle_interfaces/share/ament_index/resource_index/rosidl_interfaces/my_turtle_interfaces
[0.547s] -- Up-to-date symlink: /home/glory/turtlesim_catch_them_all/install/my_turtle_interfaces/include/my_turtle_interfaces/my_turtle_interfaces/msg/detail/turtle_info__functions.h
[0.548s] -- Up-to-date symlink: /home/glory/turtlesim_catch_them_all/install/my_turtle_interfaces/include/my_turtle_interfaces/my_turtle_interfaces/msg/detail/turtle_info__struct.h
[0.548s] -- Up-to-date symlink: /home/glory/turtlesim_catch_them_all/install/my_turtle_interfaces/include/my_turtle_interfaces/my_turtle_interfaces/msg/detail/turtle_info__type_support.h
[0.548s] -- Up-to-date symlink: /home/glory/turtlesim_catch_them_all/install/my_turtle_interfaces/include/my_turtle_interfaces/my_turtle_interfaces/msg/rosidl_generator_c__visibility_control.h
[0.548s] -- Up-to-date symlink: /home/glory/turtlesim_catch_them_all/install/my_turtle_interfaces/include/my_turtle_interfaces/my_turtle_interfaces/msg/turtle_info.h
[0.549s] -- Up-to-date symlink: /home/glory/turtlesim_catch_them_all/install/my_turtle_interfaces/share/my_turtle_interfaces/environment/library_path.sh
[0.549s] -- Up-to-date symlink: /home/glory/turtlesim_catch_them_all/install/my_turtle_interfaces/share/my_turtle_interfaces/environment/library_path.dsv
[0.550s] -- Up-to-date symlink: /home/glory/turtlesim_catch_them_all/install/my_turtle_interfaces/include/my_turtle_interfaces/my_turtle_interfaces/msg/detail/turtle_info__rosidl_typesupport_fastrtps_c.h
[0.550s] -- Up-to-date symlink: /home/glory/turtlesim_catch_them_all/install/my_turtle_interfaces/include/my_turtle_interfaces/my_turtle_interfaces/msg/rosidl_typesupport_fastrtps_c__visibility_control.h
[0.550s] -- Up-to-date symlink: /home/glory/turtlesim_catch_them_all/install/my_turtle_interfaces/include/my_turtle_interfaces/my_turtle_interfaces/msg/detail/turtle_info__rosidl_typesupport_introspection_c.h
[0.550s] -- Up-to-date symlink: /home/glory/turtlesim_catch_them_all/install/my_turtle_interfaces/include/my_turtle_interfaces/my_turtle_interfaces/msg/rosidl_typesupport_introspection_c__visibility_control.h
[0.550s] -- Up-to-date symlink: /home/glory/turtlesim_catch_them_all/install/my_turtle_interfaces/include/my_turtle_interfaces/my_turtle_interfaces/msg/detail/turtle_info__builder.hpp
[0.550s] -- Up-to-date symlink: /home/glory/turtlesim_catch_them_all/install/my_turtle_interfaces/include/my_turtle_interfaces/my_turtle_interfaces/msg/detail/turtle_info__struct.hpp
[0.551s] -- Up-to-date symlink: /home/glory/turtlesim_catch_them_all/install/my_turtle_interfaces/include/my_turtle_interfaces/my_turtle_interfaces/msg/detail/turtle_info__traits.hpp
[0.551s] -- Up-to-date symlink: /home/glory/turtlesim_catch_them_all/install/my_turtle_interfaces/include/my_turtle_interfaces/my_turtle_interfaces/msg/turtle_info.hpp
[0.551s] -- Up-to-date symlink: /home/glory/turtlesim_catch_them_all/install/my_turtle_interfaces/include/my_turtle_interfaces/my_turtle_interfaces/msg/detail/turtle_info__rosidl_typesupport_fastrtps_cpp.hpp
[0.551s] -- Up-to-date symlink: /home/glory/turtlesim_catch_them_all/install/my_turtle_interfaces/include/my_turtle_interfaces/my_turtle_interfaces/msg/rosidl_typesupport_fastrtps_cpp__visibility_control.h
[0.551s] -- Up-to-date symlink: /home/glory/turtlesim_catch_them_all/install/my_turtle_interfaces/include/my_turtle_interfaces/my_turtle_interfaces/msg/detail/turtle_info__rosidl_typesupport_introspection_cpp.hpp
[0.554s] -- Up-to-date symlink: /home/glory/turtlesim_catch_them_all/install/my_turtle_interfaces/share/my_turtle_interfaces/environment/pythonpath.sh
[0.554s] -- Up-to-date symlink: /home/glory/turtlesim_catch_them_all/install/my_turtle_interfaces/share/my_turtle_interfaces/environment/pythonpath.dsv
[0.554s] -- Up-to-date symlink: /home/glory/turtlesim_catch_them_all/install/my_turtle_interfaces/local/lib/python3.10/dist-packages/my_turtle_interfaces-0.0.0-py3.10.egg-info/PKG-INFO
[0.554s] -- Up-to-date symlink: /home/glory/turtlesim_catch_them_all/install/my_turtle_interfaces/local/lib/python3.10/dist-packages/my_turtle_interfaces-0.0.0-py3.10.egg-info/SOURCES.txt
[0.554s] -- Up-to-date symlink: /home/glory/turtlesim_catch_them_all/install/my_turtle_interfaces/local/lib/python3.10/dist-packages/my_turtle_interfaces-0.0.0-py3.10.egg-info/dependency_links.txt
[0.554s] -- Up-to-date symlink: /home/glory/turtlesim_catch_them_all/install/my_turtle_interfaces/local/lib/python3.10/dist-packages/my_turtle_interfaces-0.0.0-py3.10.egg-info/top_level.txt
[0.554s] -- Up-to-date symlink: /home/glory/turtlesim_catch_them_all/install/my_turtle_interfaces/local/lib/python3.10/dist-packages/my_turtle_interfaces/__init__.py
[0.554s] -- Up-to-date symlink: /home/glory/turtlesim_catch_them_all/install/my_turtle_interfaces/local/lib/python3.10/dist-packages/my_turtle_interfaces/_my_turtle_interfaces_s.ep.rosidl_typesupport_c.c
[0.555s] -- Up-to-date symlink: /home/glory/turtlesim_catch_them_all/install/my_turtle_interfaces/local/lib/python3.10/dist-packages/my_turtle_interfaces/_my_turtle_interfaces_s.ep.rosidl_typesupport_fastrtps_c.c
[0.555s] -- Up-to-date symlink: /home/glory/turtlesim_catch_them_all/install/my_turtle_interfaces/local/lib/python3.10/dist-packages/my_turtle_interfaces/_my_turtle_interfaces_s.ep.rosidl_typesupport_introspection_c.c
[0.555s] -- Up-to-date symlink: /home/glory/turtlesim_catch_them_all/install/my_turtle_interfaces/local/lib/python3.10/dist-packages/my_turtle_interfaces/libmy_turtle_interfaces__rosidl_generator_py.so
[0.555s] -- Up-to-date symlink: /home/glory/turtlesim_catch_them_all/install/my_turtle_interfaces/local/lib/python3.10/dist-packages/my_turtle_interfaces/msg/__init__.py
[0.555s] -- Up-to-date symlink: /home/glory/turtlesim_catch_them_all/install/my_turtle_interfaces/local/lib/python3.10/dist-packages/my_turtle_interfaces/msg/_turtle_info.py
[0.555s] -- Up-to-date symlink: /home/glory/turtlesim_catch_them_all/install/my_turtle_interfaces/local/lib/python3.10/dist-packages/my_turtle_interfaces/msg/_turtle_info_s.c
[0.555s] -- Up-to-date symlink: /home/glory/turtlesim_catch_them_all/install/my_turtle_interfaces/local/lib/python3.10/dist-packages/my_turtle_interfaces/my_turtle_interfaces_s__rosidl_typesupport_c.cpython-310-x86_64-linux-gnu.so
[0.556s] -- Up-to-date symlink: /home/glory/turtlesim_catch_them_all/install/my_turtle_interfaces/local/lib/python3.10/dist-packages/my_turtle_interfaces/my_turtle_interfaces_s__rosidl_typesupport_fastrtps_c.cpython-310-x86_64-linux-gnu.so
[0.557s] -- Up-to-date symlink: /home/glory/turtlesim_catch_them_all/install/my_turtle_interfaces/local/lib/python3.10/dist-packages/my_turtle_interfaces/my_turtle_interfaces_s__rosidl_typesupport_introspection_c.cpython-310-x86_64-linux-gnu.so
[0.557s] -- Up-to-date symlink: /home/glory/turtlesim_catch_them_all/install/my_turtle_interfaces/local/lib/python3.10/dist-packages/my_turtle_interfaces/my_turtle_interfaces_s__rosidl_typesupport_fastrtps_c.cpython-310-x86_64-linux-gnu.so
[0.557s] -- Up-to-date symlink: /home/glory/turtlesim_catch_them_all/install/my_turtle_interfaces/local/lib/python3.10/dist-packages/my_turtle_interfaces/my_turtle_interfaces_s__rosidl_typesupport_introspection_c.cpython-310-x86_64-linux-gnu.so
[0.557s] -- Up-to-date symlink: /home/glory/turtlesim_catch_them_all/install/my_turtle_interfaces/local/lib/python3.10/dist-packages/my_turtle_interfaces/my_turtle_interfaces_s__rosidl_typesupport_c.cpython-310-x86_64-linux-gnu.so
[0.557s] -- Up-to-date symlink: /home/glory/turtlesim_catch_them_all/install/my_turtle_interfaces/share/my_turtle_interfaces/msg/TurtleInfo.idl
[0.557s] -- Up-to-date symlink: /home/glory/turtlesim_catch_them_all/install/my_turtle_interfaces/share/my_turtle_interfaces/msg/TurtleInfo.msg
[0.557s] -- Up-to-date symlink: /home/glory/turtlesim_catch_them_all/install/my_turtle_interfaces/share/ament_index/resource_index/package_run_dependencies/my_turtle_interfaces
[0.557s] -- Up-to-date symlink: /home/glory/turtlesim_catch_them_all/install/my_turtle_interfaces/share/ament_index/resource_index/parent_prefix_path/my_turtle_interfaces
[0.558s] -- Up-to-date symlink: /home/glory/turtlesim_catch_them_all/install/my_turtle_interfaces/share/my_turtle_interfaces/environment/ament_prefix_path.sh
[0.558s] -- Up-to-date symlink: /home/glory/turtlesim_catch_them_all/install/my_turtle_interfaces/share/my_turtle_interfaces/environment/ament_prefix_path.dsv
[0.558s] -- Up-to-date symlink: /home/glory/turtlesim_catch_them_all/install/my_turtle_interfaces/share/my_turtle_interfaces/environment/path.sh
[0.558s] -- Up-to-date symlink: /home/glory/turtlesim_catch_them_all/install/my_turtle_interfaces/share/my_turtle_interfaces/environment/path.dsv
[0.558s] -- Up-to-date symlink: /home/glory/turtlesim_catch_them_all/install/my_turtle_interfaces/share/my_turtle_interfaces/local_setup.bash
[0.558s] -- Up-to-date symlink: /home/glory/turtlesim_catch_them_all/install/my_turtle_interfaces/share/my_turtle_interfaces/local_setup.sh
[0.558s] -- Up-to-date symlink: /home/glory/turtlesim_catch_them_all/install/my_turtle_interfaces/share/my_turtle_interfaces/local_setup.zsh
[0.558s] -- Up-to-date symlink: /home/glory/turtlesim_catch_them_all/install/my_turtle_interfaces/share/my_turtle_interfaces/local_setup.dsv
[0.558s] -- Symlinking: /home/glory/turtlesim_catch_them_all/install/my_turtle_interfaces/share/my_turtle_interfaces/package.dsv
[0.565s] -- Up-to-date symlink: /home/glory/turtlesim_catch_them_all/install/my_turtle_interfaces/share/ament_index/resource_index/packages/my_turtle_interfaces
[0.565s] -- Up-to-date symlink: /home/glory/turtlesim_catch_them_all/install/my_turtle_interfaces/share/my_turtle_interfaces/cmake/rosidl_cmake-extras.cmake
[0.565s] -- Up-to-date symlink: /home/glory/turtlesim_catch_them_all/install/my_turtle_interfaces/share/my_turtle_interfaces/cmake/ament_cmake_export_include_directories-extras.cmake
[0.565s] -- Up-to-date symlink: /home/glory/turtlesim_catch_them_all/install/my_turtle_interfaces/share/my_turtle_interfaces/cmake/ament_cmake_export_libraries-extras.cmake
[0.565s] -- Up-to-date symlink: /home/glory/turtlesim_catch_them_all/install/my_turtle_interfaces/share/my_turtle_interfaces/cmake/ament_cmake_export_targets-extras.cmake
[0.565s] -- Up-to-date symlink: /home/glory/turtlesim_catch_them_all/install/my_turtle_interfaces/share/my_turtle_interfaces/cmake/rosidl_cmake_export_typesupport_targets-extras.cmake
[0.566s] -- Up-to-date symlink: /home/glory/turtlesim_catch_them_all/install/my_turtle_interfaces/share/my_turtle_interfaces/cmake/ament_cmake_export_dependencies-extras.cmake
[0.566s] -- Up-to-date symlink: /home/glory/turtlesim_catch_them_all/install/my_turtle_interfaces/share/my_turtle_interfaces/cmake/rosidl_cmake_export_typesupport_libraries-extras.cmake
[0.567s] -- Up-to-date symlink: /home/glory/turtlesim_catch_them_all/install/my_turtle_interfaces/share/my_turtle_interfaces/cmake/my_turtle_interfacesConfig.cmake
[0.567s] -- Up-to-date symlink: /home/glory/turtlesim_catch_them_all/install/my_turtle_interfaces/share/my_turtle_interfaces/cmake/my_turtle_interfacesConfig-version.cmake
[0.567s] -- Up-to-date symlink: /home/glory/turtlesim_catch_them_all/install/my_turtle_interfaces/share/my_turtle_interfaces/package.xml
[0.567s] -- Up-to-date: /home/glory/turtlesim_catch_them_all/install/my_turtle_interfaces/lib/libmy_turtle_interfaces__rosidl_generator_c.so
[0.569s] -- Up-to-date: /home/glory/turtlesim_catch_them_all/install/my_turtle_interfaces/lib/libmy_turtle_interfaces__rosidl_typesupport_fastrtps_c.so
[0.575s] -- Up-to-date: /home/glory/turtlesim_catch_them_all/install/my_turtle_interfaces/lib/libmy_turtle_interfaces__rosidl_typesupport_introspection_c.so
[0.576s] -- Up-to-date: /home/glory/turtlesim_catch_them_all/install/my_turtle_interfaces/lib/libmy_turtle_interfaces__rosidl_typesupport_c.so
[0.577s] -- Up-to-date: /home/glory/turtlesim_catch_them_all/install/my_turtle_interfaces/lib/libmy_turtle_interfaces__rosidl_typesupport_fastrtps_cpp.so
[0.578s] -- Up-to-date: /home/glory/turtlesim_catch_them_all/install/my_turtle_interfaces/lib/libmy_turtle_interfaces__rosidl_typesupport_introspection_cpp.so
[0.579s] -- Up-to-date: /home/glory/turtlesim_catch_them_all/install/my_turtle_interfaces/lib/libmy_turtle_interfaces__rosidl_typesupport_cpp.so
[0.609s] Listing '/home/glory/turtlesim_catch_them_all/install/my_turtle_interfaces/local/lib/python3.10/dist-packages/my_turtle_interfaces'...
[0.609s] Listing '/home/glory/turtlesim_catch_them_all/install/my_turtle_interfaces/local/lib/python3.10/dist-packages/my_turtle_interfaces/msg'...
[0.613s] -- Up-to-date: /home/glory/turtlesim_catch_them_all/install/my_turtle_interfaces/lib/libmy_turtle_interfaces__rosidl_generator_py.so
[0.620s] -- Up-to-date: /home/glory/turtlesim_catch_them_all/install/my_turtle_interfaces/share/my_turtle_interfaces/cmake/export_my_turtle_interfaces__rosidl_generator_cExport.cmake
[0.620s] -- Up-to-date: /home/glory/turtlesim_catch_them_all/install/my_turtle_interfaces/share/my_turtle_interfaces/cmake/export_my_turtle_interfaces__rosidl_generator_cExport-noconfig.cmake
[0.620s] -- Up-to-date: /home/glory/turtlesim_catch_them_all/install/my_turtle_interfaces/share/my_turtle_interfaces/cmake/export_my_turtle_interfaces__rosidl_typesupport_fastrtps_cExport.cmake
[0.621s] -- Up-to-date: /home/glory/turtlesim_catch_them_all/install/my_turtle_interfaces/share/my_turtle_interfaces/cmake/export_my_turtle_interfaces__rosidl_typesupport_fastrtps_cExport-noconfig.cmake
[0.621s] -- Up-to-date: /home/glory/turtlesim_catch_them_all/install/my_turtle_interfaces/share/my_turtle_interfaces/cmake/my_turtle_interfaces__rosidl_typesupport_introspection_cExport.cmake
[0.621s] -- Up-to-date: /home/glory/turtlesim_catch_them_all/install/my_turtle_interfaces/share/my_turtle_interfaces/cmake/my_turtle_interfaces__rosidl_typesupport_introspection_cExport-noconfig.cmake
[0.621s] -- Up-to-date: /home/glory/turtlesim_catch_them_all/install/my_turtle_interfaces/share/my_turtle_interfaces/cmake/my_turtle_interfaces__rosidl_typesupport_cExport.cmake
[0.621s] -- Up-to-date: /home/glory/turtlesim_catch_them_all/install/my_turtle_interfaces/share/my_turtle_interfaces/cmake/my_turtle_interfaces__rosidl_typesupport_cExport-noconfig.cmake
[0.621s] -- Up-to-date: /home/glory/turtlesim_catch_them_all/install/my_turtle_interfaces/share/my_turtle_interfaces/cmake/export_my_turtle_interfaces__rosidl_generator_cppExport.cmake
[0.621s] -- Up-to-date: /home/glory/turtlesim_catch_them_all/install/my_turtle_interfaces/share/my_turtle_interfaces/cmake/export_my_turtle_interfaces__rosidl_typesupport_fastrtps_cppExport.cmake
[0.621s] -- Up-to-date: /home/glory/turtlesim_catch_them_all/install/my_turtle_interfaces/share/my_turtle_interfaces/cmake/export_my_turtle_interfaces__rosidl_typesupport_fastrtps_cppExport-noconfig.cmake
[0.621s] -- Up-to-date: /home/glory/turtlesim_catch_them_all/install/my_turtle_interfaces/share/my_turtle_interfaces/cmake/my_turtle_interfaces__rosidl_typesupport_introspection_cppExport.cmake
[0.621s] -- Up-to-date: /home/glory/turtlesim_catch_them_all/install/my_turtle_interfaces/share/my_turtle_interfaces/cmake/my_turtle_interfaces__rosidl_typesupport_introspection_cppExport-noconfig.cmake
[0.621s] -- Up-to-date: /home/glory/turtlesim_catch_them_all/install/my_turtle_interfaces/share/my_turtle_interfaces/cmake/my_turtle_interfaces__rosidl_typesupport_cppExport.cmake
[0.621s] -- Up-to-date: /home/glory/turtlesim_catch_them_all/install/my_turtle_interfaces/share/my_turtle_interfaces/cmake/my_turtle_interfaces__rosidl_typesupport_cppExport-noconfig.cmake
[0.621s] -- Up-to-date: /home/glory/turtlesim_catch_them_all/install/my_turtle_interfaces/share/my_turtle_interfaces/cmake/export_my_turtle_interfaces__rosidl_generator_pyExport.cmake
[0.621s] -- Up-to-date: /home/glory/turtlesim_catch_them_all/install/my_turtle_interfaces/share/my_turtle_interfaces/cmake/export_my_turtle_interfaces__rosidl_generator_pyExport-noconfig.cmake
[0.623s] Invoked command in '/home/glory/turtlesim_catch_them_all/build/my_turtle_interfaces' returned '0': CMAKE_PREFIX_PATH=${CMAKE_PREFIX_PATH}:/home/glory/turtlesim_catch_them_all/install/py_pkg:/home/glory/ros2_ws/install/my_py_pkg:/home/glory/test1_ws/install/py_pkg:/opt/ros/humble /usr/bin/cmake --install /home/glory/turtlesim_catch_them_all/build/my_turtle_interfaces
