[0.016s] Invoking command in '/home/glory/turtlesim_catch_them_all/build/my_turtle_interfaces': CMAKE_PREFIX_PATH=${CMAKE_PREFIX_PATH}:/home/glory/turtlesim_catch_them_all/install/py_pkg:/home/glory/ros2_ws/install/my_py_pkg:/home/glory/test1_ws/install/py_pkg:/opt/ros/humble /usr/bin/cmake --build /home/glory/turtlesim_catch_them_all/build/my_turtle_interfaces -- -j3 -l3
[0.087s] [  3%] Built target my_turtle_interfaces__cpp
[0.095s] [  3%] Built target ament_cmake_python_symlink_my_turtle_interfaces
[0.102s] [ 12%] Built target my_turtle_interfaces__rosidl_generator_c
[0.127s] [ 22%] Built target my_turtle_interfaces__rosidl_typesupport_cpp
[0.128s] [ 32%] Built target my_turtle_interfaces__rosidl_typesupport_fastrtps_cpp
[0.130s] [ 41%] Built target my_turtle_interfaces__rosidl_typesupport_introspection_cpp
[0.155s] [ 51%] Built target my_turtle_interfaces__rosidl_typesupport_fastrtps_c
[0.160s] [ 61%] Built target my_turtle_interfaces__rosidl_typesupport_introspection_c
[0.179s] [ 70%] Built target my_turtle_interfaces__rosidl_typesupport_c
[0.196s] [ 70%] Built target my_turtle_interfaces
[0.214s] [ 74%] Built target my_turtle_interfaces__py
[0.242s] [ 80%] Built target my_turtle_interfaces__rosidl_generator_py
[0.263s] [ 93%] Built target my_turtle_interfaces__rosidl_typesupport_fastrtps_c__pyext
[0.263s] [ 93%] Built target my_turtle_interfaces__rosidl_typesupport_introspection_c__pyext
[0.281s] [100%] Built target my_turtle_interfaces__rosidl_typesupport_c__pyext
[0.359s] running egg_info
[0.360s] writing my_turtle_interfaces.egg-info/PKG-INFO
[0.361s] writing dependency_links to my_turtle_interfaces.egg-info/dependency_links.txt
[0.361s] writing top-level names to my_turtle_interfaces.egg-info/top_level.txt
[0.363s] reading manifest file 'my_turtle_interfaces.egg-info/SOURCES.txt'
[0.364s] writing manifest file 'my_turtle_interfaces.egg-info/SOURCES.txt'
[0.382s] [100%] Built target ament_cmake_python_build_my_turtle_interfaces_egg
[0.393s] Invoked command in '/home/glory/turtlesim_catch_them_all/build/my_turtle_interfaces' returned '0': CMAKE_PREFIX_PATH=${CMAKE_PREFIX_PATH}:/home/glory/turtlesim_catch_them_all/install/py_pkg:/home/glory/ros2_ws/install/my_py_pkg:/home/glory/test1_ws/install/py_pkg:/opt/ros/humble /usr/bin/cmake --build /home/glory/turtlesim_catch_them_all/build/my_turtle_interfaces -- -j3 -l3
[0.446s] Invoking command in '/home/glory/turtlesim_catch_them_all/build/my_turtle_interfaces': CMAKE_PREFIX_PATH=${CMAKE_PREFIX_PATH}:/home/glory/turtlesim_catch_them_all/install/py_pkg:/home/glory/ros2_ws/install/my_py_pkg:/home/glory/test1_ws/install/py_pkg:/opt/ros/humble /usr/bin/cmake --install /home/glory/turtlesim_catch_them_all/build/my_turtle_interfaces
[0.454s] -- Install configuration: ""
[0.456s] -- Execute custom install script
[0.456s] -- Up-to-date symlink: /home/glory/turtlesim_catch_them_all/install/my_turtle_interfaces/share/ament_index/resource_index/rosidl_interfaces/my_turtle_interfaces
[0.458s] -- Up-to-date symlink: /home/glory/turtlesim_catch_them_all/install/my_turtle_interfaces/include/my_turtle_interfaces/my_turtle_interfaces/msg/detail/turtle_info__functions.h
[0.458s] -- Up-to-date symlink: /home/glory/turtlesim_catch_them_all/install/my_turtle_interfaces/include/my_turtle_interfaces/my_turtle_interfaces/msg/detail/turtle_info__struct.h
[0.458s] -- Up-to-date symlink: /home/glory/turtlesim_catch_them_all/install/my_turtle_interfaces/include/my_turtle_interfaces/my_turtle_interfaces/msg/detail/turtle_info__type_support.h
[0.458s] -- Up-to-date symlink: /home/glory/turtlesim_catch_them_all/install/my_turtle_interfaces/include/my_turtle_interfaces/my_turtle_interfaces/msg/rosidl_generator_c__visibility_control.h
[0.458s] -- Up-to-date symlink: /home/glory/turtlesim_catch_them_all/install/my_turtle_interfaces/include/my_turtle_interfaces/my_turtle_interfaces/msg/turtle_info.h
[0.459s] -- Up-to-date symlink: /home/glory/turtlesim_catch_them_all/install/my_turtle_interfaces/share/my_turtle_interfaces/environment/library_path.sh
[0.459s] -- Up-to-date symlink: /home/glory/turtlesim_catch_them_all/install/my_turtle_interfaces/share/my_turtle_interfaces/environment/library_path.dsv
[0.459s] -- Up-to-date symlink: /home/glory/turtlesim_catch_them_all/install/my_turtle_interfaces/include/my_turtle_interfaces/my_turtle_interfaces/msg/detail/turtle_info__rosidl_typesupport_fastrtps_c.h
[0.459s] -- Up-to-date symlink: /home/glory/turtlesim_catch_them_all/install/my_turtle_interfaces/include/my_turtle_interfaces/my_turtle_interfaces/msg/rosidl_typesupport_fastrtps_c__visibility_control.h
[0.460s] -- Up-to-date symlink: /home/glory/turtlesim_catch_them_all/install/my_turtle_interfaces/include/my_turtle_interfaces/my_turtle_interfaces/msg/detail/turtle_info__rosidl_typesupport_introspection_c.h
[0.460s] -- Up-to-date symlink: /home/glory/turtlesim_catch_them_all/install/my_turtle_interfaces/include/my_turtle_interfaces/my_turtle_interfaces/msg/rosidl_typesupport_introspection_c__visibility_control.h
[0.460s] -- Up-to-date symlink: /home/glory/turtlesim_catch_them_all/install/my_turtle_interfaces/include/my_turtle_interfaces/my_turtle_interfaces/msg/detail/turtle_info__builder.hpp
[0.461s] -- Up-to-date symlink: /home/glory/turtlesim_catch_them_all/install/my_turtle_interfaces/include/my_turtle_interfaces/my_turtle_interfaces/msg/detail/turtle_info__struct.hpp
[0.461s] -- Up-to-date symlink: /home/glory/turtlesim_catch_them_all/install/my_turtle_interfaces/include/my_turtle_interfaces/my_turtle_interfaces/msg/detail/turtle_info__traits.hpp
[0.461s] -- Up-to-date symlink: /home/glory/turtlesim_catch_them_all/install/my_turtle_interfaces/include/my_turtle_interfaces/my_turtle_interfaces/msg/turtle_info.hpp
[0.461s] -- Up-to-date symlink: /home/glory/turtlesim_catch_them_all/install/my_turtle_interfaces/include/my_turtle_interfaces/my_turtle_interfaces/msg/detail/turtle_info__rosidl_typesupport_fastrtps_cpp.hpp
[0.462s] -- Up-to-date symlink: /home/glory/turtlesim_catch_them_all/install/my_turtle_interfaces/include/my_turtle_interfaces/my_turtle_interfaces/msg/rosidl_typesupport_fastrtps_cpp__visibility_control.h
[0.462s] -- Up-to-date symlink: /home/glory/turtlesim_catch_them_all/install/my_turtle_interfaces/include/my_turtle_interfaces/my_turtle_interfaces/msg/detail/turtle_info__rosidl_typesupport_introspection_cpp.hpp
[0.462s] -- Up-to-date symlink: /home/glory/turtlesim_catch_them_all/install/my_turtle_interfaces/share/my_turtle_interfaces/environment/pythonpath.sh
[0.462s] -- Up-to-date symlink: /home/glory/turtlesim_catch_them_all/install/my_turtle_interfaces/share/my_turtle_interfaces/environment/pythonpath.dsv
[0.463s] -- Up-to-date symlink: /home/glory/turtlesim_catch_them_all/install/my_turtle_interfaces/local/lib/python3.10/dist-packages/my_turtle_interfaces-0.0.0-py3.10.egg-info/PKG-INFO
[0.463s] -- Up-to-date symlink: /home/glory/turtlesim_catch_them_all/install/my_turtle_interfaces/local/lib/python3.10/dist-packages/my_turtle_interfaces-0.0.0-py3.10.egg-info/SOURCES.txt
[0.463s] -- Up-to-date symlink: /home/glory/turtlesim_catch_them_all/install/my_turtle_interfaces/local/lib/python3.10/dist-packages/my_turtle_interfaces-0.0.0-py3.10.egg-info/dependency_links.txt
[0.463s] -- Up-to-date symlink: /home/glory/turtlesim_catch_them_all/install/my_turtle_interfaces/local/lib/python3.10/dist-packages/my_turtle_interfaces-0.0.0-py3.10.egg-info/top_level.txt
[0.464s] -- Up-to-date symlink: /home/glory/turtlesim_catch_them_all/install/my_turtle_interfaces/local/lib/python3.10/dist-packages/my_turtle_interfaces/__init__.py
[0.464s] -- Up-to-date symlink: /home/glory/turtlesim_catch_them_all/install/my_turtle_interfaces/local/lib/python3.10/dist-packages/my_turtle_interfaces/_my_turtle_interfaces_s.ep.rosidl_typesupport_c.c
[0.464s] -- Up-to-date symlink: /home/glory/turtlesim_catch_them_all/install/my_turtle_interfaces/local/lib/python3.10/dist-packages/my_turtle_interfaces/_my_turtle_interfaces_s.ep.rosidl_typesupport_fastrtps_c.c
[0.465s] -- Up-to-date symlink: /home/glory/turtlesim_catch_them_all/install/my_turtle_interfaces/local/lib/python3.10/dist-packages/my_turtle_interfaces/_my_turtle_interfaces_s.ep.rosidl_typesupport_introspection_c.c
[0.465s] -- Up-to-date symlink: /home/glory/turtlesim_catch_them_all/install/my_turtle_interfaces/local/lib/python3.10/dist-packages/my_turtle_interfaces/libmy_turtle_interfaces__rosidl_generator_py.so
[0.465s] -- Up-to-date symlink: /home/glory/turtlesim_catch_them_all/install/my_turtle_interfaces/local/lib/python3.10/dist-packages/my_turtle_interfaces/msg/__init__.py
[0.465s] -- Up-to-date symlink: /home/glory/turtlesim_catch_them_all/install/my_turtle_interfaces/local/lib/python3.10/dist-packages/my_turtle_interfaces/msg/_turtle_info.py
[0.465s] -- Up-to-date symlink: /home/glory/turtlesim_catch_them_all/install/my_turtle_interfaces/local/lib/python3.10/dist-packages/my_turtle_interfaces/msg/_turtle_info_s.c
[0.465s] -- Up-to-date symlink: /home/glory/turtlesim_catch_them_all/install/my_turtle_interfaces/local/lib/python3.10/dist-packages/my_turtle_interfaces/my_turtle_interfaces_s__rosidl_typesupport_c.cpython-310-x86_64-linux-gnu.so
[0.466s] -- Up-to-date symlink: /home/glory/turtlesim_catch_them_all/install/my_turtle_interfaces/local/lib/python3.10/dist-packages/my_turtle_interfaces/my_turtle_interfaces_s__rosidl_typesupport_fastrtps_c.cpython-310-x86_64-linux-gnu.so
[0.466s] -- Up-to-date symlink: /home/glory/turtlesim_catch_them_all/install/my_turtle_interfaces/local/lib/python3.10/dist-packages/my_turtle_interfaces/my_turtle_interfaces_s__rosidl_typesupport_introspection_c.cpython-310-x86_64-linux-gnu.so
[0.467s] -- Up-to-date symlink: /home/glory/turtlesim_catch_them_all/install/my_turtle_interfaces/local/lib/python3.10/dist-packages/my_turtle_interfaces/my_turtle_interfaces_s__rosidl_typesupport_fastrtps_c.cpython-310-x86_64-linux-gnu.so
[0.467s] -- Up-to-date symlink: /home/glory/turtlesim_catch_them_all/install/my_turtle_interfaces/local/lib/python3.10/dist-packages/my_turtle_interfaces/my_turtle_interfaces_s__rosidl_typesupport_introspection_c.cpython-310-x86_64-linux-gnu.so
[0.468s] -- Up-to-date symlink: /home/glory/turtlesim_catch_them_all/install/my_turtle_interfaces/local/lib/python3.10/dist-packages/my_turtle_interfaces/my_turtle_interfaces_s__rosidl_typesupport_c.cpython-310-x86_64-linux-gnu.so
[0.468s] -- Up-to-date symlink: /home/glory/turtlesim_catch_them_all/install/my_turtle_interfaces/share/my_turtle_interfaces/msg/TurtleInfo.idl
[0.469s] -- Up-to-date symlink: /home/glory/turtlesim_catch_them_all/install/my_turtle_interfaces/share/my_turtle_interfaces/msg/TurtleInfo.msg
[0.469s] -- Up-to-date symlink: /home/glory/turtlesim_catch_them_all/install/my_turtle_interfaces/share/ament_index/resource_index/package_run_dependencies/my_turtle_interfaces
[0.469s] -- Up-to-date symlink: /home/glory/turtlesim_catch_them_all/install/my_turtle_interfaces/share/ament_index/resource_index/parent_prefix_path/my_turtle_interfaces
[0.469s] -- Up-to-date symlink: /home/glory/turtlesim_catch_them_all/install/my_turtle_interfaces/share/my_turtle_interfaces/environment/ament_prefix_path.sh
[0.470s] -- Up-to-date symlink: /home/glory/turtlesim_catch_them_all/install/my_turtle_interfaces/share/my_turtle_interfaces/environment/ament_prefix_path.dsv
[0.470s] -- Up-to-date symlink: /home/glory/turtlesim_catch_them_all/install/my_turtle_interfaces/share/my_turtle_interfaces/environment/path.sh
[0.470s] -- Up-to-date symlink: /home/glory/turtlesim_catch_them_all/install/my_turtle_interfaces/share/my_turtle_interfaces/environment/path.dsv
[0.470s] -- Up-to-date symlink: /home/glory/turtlesim_catch_them_all/install/my_turtle_interfaces/share/my_turtle_interfaces/local_setup.bash
[0.470s] -- Up-to-date symlink: /home/glory/turtlesim_catch_them_all/install/my_turtle_interfaces/share/my_turtle_interfaces/local_setup.sh
[0.471s] -- Up-to-date symlink: /home/glory/turtlesim_catch_them_all/install/my_turtle_interfaces/share/my_turtle_interfaces/local_setup.zsh
[0.471s] -- Up-to-date symlink: /home/glory/turtlesim_catch_them_all/install/my_turtle_interfaces/share/my_turtle_interfaces/local_setup.dsv
[0.471s] -- Symlinking: /home/glory/turtlesim_catch_them_all/install/my_turtle_interfaces/share/my_turtle_interfaces/package.dsv
[0.478s] -- Up-to-date symlink: /home/glory/turtlesim_catch_them_all/install/my_turtle_interfaces/share/ament_index/resource_index/packages/my_turtle_interfaces
[0.478s] -- Up-to-date symlink: /home/glory/turtlesim_catch_them_all/install/my_turtle_interfaces/share/my_turtle_interfaces/cmake/rosidl_cmake-extras.cmake
[0.478s] -- Up-to-date symlink: /home/glory/turtlesim_catch_them_all/install/my_turtle_interfaces/share/my_turtle_interfaces/cmake/ament_cmake_export_include_directories-extras.cmake
[0.479s] -- Up-to-date symlink: /home/glory/turtlesim_catch_them_all/install/my_turtle_interfaces/share/my_turtle_interfaces/cmake/ament_cmake_export_libraries-extras.cmake
[0.479s] -- Up-to-date symlink: /home/glory/turtlesim_catch_them_all/install/my_turtle_interfaces/share/my_turtle_interfaces/cmake/ament_cmake_export_targets-extras.cmake
[0.479s] -- Up-to-date symlink: /home/glory/turtlesim_catch_them_all/install/my_turtle_interfaces/share/my_turtle_interfaces/cmake/rosidl_cmake_export_typesupport_targets-extras.cmake
[0.479s] -- Up-to-date symlink: /home/glory/turtlesim_catch_them_all/install/my_turtle_interfaces/share/my_turtle_interfaces/cmake/ament_cmake_export_dependencies-extras.cmake
[0.480s] -- Up-to-date symlink: /home/glory/turtlesim_catch_them_all/install/my_turtle_interfaces/share/my_turtle_interfaces/cmake/rosidl_cmake_export_typesupport_libraries-extras.cmake
[0.480s] -- Up-to-date symlink: /home/glory/turtlesim_catch_them_all/install/my_turtle_interfaces/share/my_turtle_interfaces/cmake/my_turtle_interfacesConfig.cmake
[0.480s] -- Up-to-date symlink: /home/glory/turtlesim_catch_them_all/install/my_turtle_interfaces/share/my_turtle_interfaces/cmake/my_turtle_interfacesConfig-version.cmake
[0.480s] -- Up-to-date symlink: /home/glory/turtlesim_catch_them_all/install/my_turtle_interfaces/share/my_turtle_interfaces/package.xml
[0.482s] -- Up-to-date: /home/glory/turtlesim_catch_them_all/install/my_turtle_interfaces/lib/libmy_turtle_interfaces__rosidl_generator_c.so
[0.483s] -- Up-to-date: /home/glory/turtlesim_catch_them_all/install/my_turtle_interfaces/lib/libmy_turtle_interfaces__rosidl_typesupport_fastrtps_c.so
[0.484s] -- Up-to-date: /home/glory/turtlesim_catch_them_all/install/my_turtle_interfaces/lib/libmy_turtle_interfaces__rosidl_typesupport_introspection_c.so
[0.484s] -- Up-to-date: /home/glory/turtlesim_catch_them_all/install/my_turtle_interfaces/lib/libmy_turtle_interfaces__rosidl_typesupport_c.so
[0.485s] -- Up-to-date: /home/glory/turtlesim_catch_them_all/install/my_turtle_interfaces/lib/libmy_turtle_interfaces__rosidl_typesupport_fastrtps_cpp.so
[0.486s] -- Up-to-date: /home/glory/turtlesim_catch_them_all/install/my_turtle_interfaces/lib/libmy_turtle_interfaces__rosidl_typesupport_introspection_cpp.so
[0.487s] -- Up-to-date: /home/glory/turtlesim_catch_them_all/install/my_turtle_interfaces/lib/libmy_turtle_interfaces__rosidl_typesupport_cpp.so
[0.516s] Listing '/home/glory/turtlesim_catch_them_all/install/my_turtle_interfaces/local/lib/python3.10/dist-packages/my_turtle_interfaces'...
[0.516s] Listing '/home/glory/turtlesim_catch_them_all/install/my_turtle_interfaces/local/lib/python3.10/dist-packages/my_turtle_interfaces/msg'...
[0.520s] -- Up-to-date: /home/glory/turtlesim_catch_them_all/install/my_turtle_interfaces/lib/libmy_turtle_interfaces__rosidl_generator_py.so
[0.521s] -- Up-to-date: /home/glory/turtlesim_catch_them_all/install/my_turtle_interfaces/share/my_turtle_interfaces/cmake/export_my_turtle_interfaces__rosidl_generator_cExport.cmake
[0.521s] -- Up-to-date: /home/glory/turtlesim_catch_them_all/install/my_turtle_interfaces/share/my_turtle_interfaces/cmake/export_my_turtle_interfaces__rosidl_generator_cExport-noconfig.cmake
[0.522s] -- Up-to-date: /home/glory/turtlesim_catch_them_all/install/my_turtle_interfaces/share/my_turtle_interfaces/cmake/export_my_turtle_interfaces__rosidl_typesupport_fastrtps_cExport.cmake
[0.522s] -- Up-to-date: /home/glory/turtlesim_catch_them_all/install/my_turtle_interfaces/share/my_turtle_interfaces/cmake/export_my_turtle_interfaces__rosidl_typesupport_fastrtps_cExport-noconfig.cmake
[0.523s] -- Up-to-date: /home/glory/turtlesim_catch_them_all/install/my_turtle_interfaces/share/my_turtle_interfaces/cmake/my_turtle_interfaces__rosidl_typesupport_introspection_cExport.cmake
[0.523s] -- Up-to-date: /home/glory/turtlesim_catch_them_all/install/my_turtle_interfaces/share/my_turtle_interfaces/cmake/my_turtle_interfaces__rosidl_typesupport_introspection_cExport-noconfig.cmake
[0.524s] -- Up-to-date: /home/glory/turtlesim_catch_them_all/install/my_turtle_interfaces/share/my_turtle_interfaces/cmake/my_turtle_interfaces__rosidl_typesupport_cExport.cmake
[0.524s] -- Up-to-date: /home/glory/turtlesim_catch_them_all/install/my_turtle_interfaces/share/my_turtle_interfaces/cmake/my_turtle_interfaces__rosidl_typesupport_cExport-noconfig.cmake
[0.524s] -- Up-to-date: /home/glory/turtlesim_catch_them_all/install/my_turtle_interfaces/share/my_turtle_interfaces/cmake/export_my_turtle_interfaces__rosidl_generator_cppExport.cmake
[0.525s] -- Up-to-date: /home/glory/turtlesim_catch_them_all/install/my_turtle_interfaces/share/my_turtle_interfaces/cmake/export_my_turtle_interfaces__rosidl_typesupport_fastrtps_cppExport.cmake
[0.525s] -- Up-to-date: /home/glory/turtlesim_catch_them_all/install/my_turtle_interfaces/share/my_turtle_interfaces/cmake/export_my_turtle_interfaces__rosidl_typesupport_fastrtps_cppExport-noconfig.cmake
[0.526s] -- Up-to-date: /home/glory/turtlesim_catch_them_all/install/my_turtle_interfaces/share/my_turtle_interfaces/cmake/my_turtle_interfaces__rosidl_typesupport_introspection_cppExport.cmake
[0.526s] -- Up-to-date: /home/glory/turtlesim_catch_them_all/install/my_turtle_interfaces/share/my_turtle_interfaces/cmake/my_turtle_interfaces__rosidl_typesupport_introspection_cppExport-noconfig.cmake
[0.527s] -- Up-to-date: /home/glory/turtlesim_catch_them_all/install/my_turtle_interfaces/share/my_turtle_interfaces/cmake/my_turtle_interfaces__rosidl_typesupport_cppExport.cmake
[0.527s] -- Up-to-date: /home/glory/turtlesim_catch_them_all/install/my_turtle_interfaces/share/my_turtle_interfaces/cmake/my_turtle_interfaces__rosidl_typesupport_cppExport-noconfig.cmake
[0.527s] -- Up-to-date: /home/glory/turtlesim_catch_them_all/install/my_turtle_interfaces/share/my_turtle_interfaces/cmake/export_my_turtle_interfaces__rosidl_generator_pyExport.cmake
[0.527s] -- Up-to-date: /home/glory/turtlesim_catch_them_all/install/my_turtle_interfaces/share/my_turtle_interfaces/cmake/export_my_turtle_interfaces__rosidl_generator_pyExport-noconfig.cmake
[0.530s] Invoked command in '/home/glory/turtlesim_catch_them_all/build/my_turtle_interfaces' returned '0': CMAKE_PREFIX_PATH=${CMAKE_PREFIX_PATH}:/home/glory/turtlesim_catch_them_all/install/py_pkg:/home/glory/ros2_ws/install/my_py_pkg:/home/glory/test1_ws/install/py_pkg:/opt/ros/humble /usr/bin/cmake --install /home/glory/turtlesim_catch_them_all/build/my_turtle_interfaces
