running egg_info
writing ../../build/py_pkg/py_pkg.egg-info/PKG-INFO
writing dependency_links to ../../build/py_pkg/py_pkg.egg-info/dependency_links.txt
writing entry points to ../../build/py_pkg/py_pkg.egg-info/entry_points.txt
writing requirements to ../../build/py_pkg/py_pkg.egg-info/requires.txt
writing top-level names to ../../build/py_pkg/py_pkg.egg-info/top_level.txt
reading manifest file '../../build/py_pkg/py_pkg.egg-info/SOURCES.txt'
writing manifest file '../../build/py_pkg/py_pkg.egg-info/SOURCES.txt'
running build
running build_py
copying py_pkg/turtle_controller.py -> /home/glory/turtlesim_catch_them_all/build/py_pkg/build/lib/py_pkg
running install
running install_lib
copying /home/glory/turtlesim_catch_them_all/build/py_pkg/build/lib/py_pkg/turtle_controller.py -> /home/glory/turtlesim_catch_them_all/install/py_pkg/lib/python3.10/site-packages/py_pkg
byte-compiling /home/glory/turtlesim_catch_them_all/install/py_pkg/lib/python3.10/site-packages/py_pkg/turtle_controller.py to turtle_controller.cpython-310.pyc
running install_data
running install_egg_info
removing '/home/glory/turtlesim_catch_them_all/install/py_pkg/lib/python3.10/site-packages/py_pkg-0.0.0-py3.10.egg-info' (and everything under it)
Copying ../../build/py_pkg/py_pkg.egg-info to /home/glory/turtlesim_catch_them_all/install/py_pkg/lib/python3.10/site-packages/py_pkg-0.0.0-py3.10.egg-info
running install_scripts
Installing turtle_controller script to /home/glory/turtlesim_catch_them_all/install/py_pkg/lib/py_pkg
writing list of installed files to '/home/glory/turtlesim_catch_them_all/build/py_pkg/install.log'
