[0.081s] DEBUG:colcon:Command line arguments: ['/usr/bin/colcon', 'build', '--symlink-install']
[0.081s] DEBUG:colcon:Parsed command line arguments: Namespace(log_base=None, log_level=None, verb_name='build', build_base='build', install_base='install', merge_install=False, symlink_install=True, test_result_base=None, continue_on_error=False, executor='parallel', parallel_workers=3, event_handlers=None, ignore_user_meta=False, metas=['./colcon.meta'], base_paths=['.'], packages_ignore=None, packages_ignore_regex=None, paths=None, packages_up_to=None, packages_up_to_regex=None, packages_above=None, packages_above_and_dependencies=None, packages_above_depth=None, packages_select_by_dep=None, packages_skip_by_dep=None, packages_skip_up_to=None, packages_select_build_failed=False, packages_skip_build_finished=False, packages_select_test_failures=False, packages_skip_test_passed=False, packages_select=None, packages_skip=None, packages_select_regex=None, packages_skip_regex=None, packages_start=None, packages_end=None, allow_overriding=[], cmake_args=None, cmake_target=None, cmake_target_skip_unavailable=False, cmake_clean_cache=False, cmake_clean_first=False, cmake_force_configure=False, ament_cmake_args=None, catkin_cmake_args=None, catkin_skip_building_tests=False, verb_parser=<colcon_defaults.argument_parser.defaults.DefaultArgumentsDecorator object at 0x7fcb2ff74850>, verb_extension=<colcon_core.verb.build.BuildVerb object at 0x7fcb2ff742e0>, main=<bound method BuildVerb.main of <colcon_core.verb.build.BuildVerb object at 0x7fcb2ff742e0>>)
[0.382s] Level 1:colcon.colcon_core.package_discovery:discover_packages(colcon_meta) check parameters
[0.383s] Level 1:colcon.colcon_core.package_discovery:discover_packages(recursive) check parameters
[0.383s] Level 1:colcon.colcon_core.package_discovery:discover_packages(ignore) check parameters
[0.383s] Level 1:colcon.colcon_core.package_discovery:discover_packages(path) check parameters
[0.383s] Level 1:colcon.colcon_core.package_discovery:discover_packages(colcon_meta) discover
[0.383s] Level 1:colcon.colcon_core.package_discovery:discover_packages(recursive) discover
[0.383s] INFO:colcon.colcon_core.package_discovery:Crawling recursively for packages in '/home/glory/turtlesim_catch_them_all'
[0.383s] Level 1:colcon.colcon_core.package_identification:_identify(.) by extensions ['ignore', 'ignore_ament_install']
[0.383s] Level 1:colcon.colcon_core.package_identification:_identify(.) by extension 'ignore'
[0.383s] Level 1:colcon.colcon_core.package_identification:_identify(.) by extension 'ignore_ament_install'
[0.383s] Level 1:colcon.colcon_core.package_identification:_identify(.) by extensions ['colcon_pkg']
[0.383s] Level 1:colcon.colcon_core.package_identification:_identify(.) by extension 'colcon_pkg'
[0.383s] Level 1:colcon.colcon_core.package_identification:_identify(.) by extensions ['colcon_meta']
[0.383s] Level 1:colcon.colcon_core.package_identification:_identify(.) by extension 'colcon_meta'
[0.383s] Level 1:colcon.colcon_core.package_identification:_identify(.) by extensions ['ros']
[0.383s] Level 1:colcon.colcon_core.package_identification:_identify(.) by extension 'ros'
[0.391s] Level 1:colcon.colcon_core.package_identification:_identify(.) by extensions ['cmake', 'python']
[0.391s] Level 1:colcon.colcon_core.package_identification:_identify(.) by extension 'cmake'
[0.391s] Level 1:colcon.colcon_core.package_identification:_identify(.) by extension 'python'
[0.391s] Level 1:colcon.colcon_core.package_identification:_identify(.) by extensions ['python_setup_py']
[0.391s] Level 1:colcon.colcon_core.package_identification:_identify(.) by extension 'python_setup_py'
[0.391s] Level 1:colcon.colcon_core.package_identification:_identify(build) by extensions ['ignore', 'ignore_ament_install']
[0.392s] Level 1:colcon.colcon_core.package_identification:_identify(build) by extension 'ignore'
[0.392s] Level 1:colcon.colcon_core.package_identification:_identify(build) ignored
[0.392s] Level 1:colcon.colcon_core.package_identification:_identify(install) by extensions ['ignore', 'ignore_ament_install']
[0.392s] Level 1:colcon.colcon_core.package_identification:_identify(install) by extension 'ignore'
[0.392s] Level 1:colcon.colcon_core.package_identification:_identify(install) ignored
[0.392s] Level 1:colcon.colcon_core.package_identification:_identify(log) by extensions ['ignore', 'ignore_ament_install']
[0.392s] Level 1:colcon.colcon_core.package_identification:_identify(log) by extension 'ignore'
[0.392s] Level 1:colcon.colcon_core.package_identification:_identify(log) ignored
[0.392s] Level 1:colcon.colcon_core.package_identification:_identify(src) by extensions ['ignore', 'ignore_ament_install']
[0.392s] Level 1:colcon.colcon_core.package_identification:_identify(src) by extension 'ignore'
[0.392s] Level 1:colcon.colcon_core.package_identification:_identify(src) by extension 'ignore_ament_install'
[0.392s] Level 1:colcon.colcon_core.package_identification:_identify(src) by extensions ['colcon_pkg']
[0.392s] Level 1:colcon.colcon_core.package_identification:_identify(src) by extension 'colcon_pkg'
[0.392s] Level 1:colcon.colcon_core.package_identification:_identify(src) by extensions ['colcon_meta']
[0.392s] Level 1:colcon.colcon_core.package_identification:_identify(src) by extension 'colcon_meta'
[0.392s] Level 1:colcon.colcon_core.package_identification:_identify(src) by extensions ['ros']
[0.392s] Level 1:colcon.colcon_core.package_identification:_identify(src) by extension 'ros'
[0.392s] Level 1:colcon.colcon_core.package_identification:_identify(src) by extensions ['cmake', 'python']
[0.392s] Level 1:colcon.colcon_core.package_identification:_identify(src) by extension 'cmake'
[0.393s] Level 1:colcon.colcon_core.package_identification:_identify(src) by extension 'python'
[0.393s] Level 1:colcon.colcon_core.package_identification:_identify(src) by extensions ['python_setup_py']
[0.393s] Level 1:colcon.colcon_core.package_identification:_identify(src) by extension 'python_setup_py'
[0.393s] Level 1:colcon.colcon_core.package_identification:_identify(src/my_turtle_interfaces) by extensions ['ignore', 'ignore_ament_install']
[0.393s] Level 1:colcon.colcon_core.package_identification:_identify(src/my_turtle_interfaces) by extension 'ignore'
[0.393s] Level 1:colcon.colcon_core.package_identification:_identify(src/my_turtle_interfaces) by extension 'ignore_ament_install'
[0.393s] Level 1:colcon.colcon_core.package_identification:_identify(src/my_turtle_interfaces) by extensions ['colcon_pkg']
[0.393s] Level 1:colcon.colcon_core.package_identification:_identify(src/my_turtle_interfaces) by extension 'colcon_pkg'
[0.393s] Level 1:colcon.colcon_core.package_identification:_identify(src/my_turtle_interfaces) by extensions ['colcon_meta']
[0.393s] Level 1:colcon.colcon_core.package_identification:_identify(src/my_turtle_interfaces) by extension 'colcon_meta'
[0.393s] Level 1:colcon.colcon_core.package_identification:_identify(src/my_turtle_interfaces) by extensions ['ros']
[0.393s] Level 1:colcon.colcon_core.package_identification:_identify(src/my_turtle_interfaces) by extension 'ros'
[0.398s] DEBUG:colcon.colcon_core.package_identification:Package 'src/my_turtle_interfaces' with type 'ros.ament_cmake' and name 'my_turtle_interfaces'
[0.398s] Level 1:colcon.colcon_core.package_identification:_identify(src/py_pkg) by extensions ['ignore', 'ignore_ament_install']
[0.398s] Level 1:colcon.colcon_core.package_identification:_identify(src/py_pkg) by extension 'ignore'
[0.398s] Level 1:colcon.colcon_core.package_identification:_identify(src/py_pkg) by extension 'ignore_ament_install'
[0.398s] Level 1:colcon.colcon_core.package_identification:_identify(src/py_pkg) by extensions ['colcon_pkg']
[0.398s] Level 1:colcon.colcon_core.package_identification:_identify(src/py_pkg) by extension 'colcon_pkg'
[0.398s] Level 1:colcon.colcon_core.package_identification:_identify(src/py_pkg) by extensions ['colcon_meta']
[0.398s] Level 1:colcon.colcon_core.package_identification:_identify(src/py_pkg) by extension 'colcon_meta'
[0.398s] Level 1:colcon.colcon_core.package_identification:_identify(src/py_pkg) by extensions ['ros']
[0.398s] Level 1:colcon.colcon_core.package_identification:_identify(src/py_pkg) by extension 'ros'
[0.399s] DEBUG:colcon.colcon_core.package_identification:Package 'src/py_pkg' with type 'ros.ament_python' and name 'py_pkg'
[0.399s] Level 1:colcon.colcon_core.package_discovery:discover_packages(recursive) using defaults
[0.399s] Level 1:colcon.colcon_core.package_discovery:discover_packages(ignore) discover
[0.399s] Level 1:colcon.colcon_core.package_discovery:discover_packages(ignore) using defaults
[0.399s] Level 1:colcon.colcon_core.package_discovery:discover_packages(path) discover
[0.399s] Level 1:colcon.colcon_core.package_discovery:discover_packages(path) using defaults
[0.433s] Level 1:colcon.colcon_core.package_discovery:discover_packages(prefix_path) check parameters
[0.433s] Level 1:colcon.colcon_core.package_discovery:discover_packages(prefix_path) discover
[0.438s] DEBUG:colcon.colcon_installed_package_information.package_discovery:Found 1 installed packages in /home/glory/turtlesim_catch_them_all/install
[0.438s] DEBUG:colcon.colcon_installed_package_information.package_discovery:Found 3 installed packages in /home/glory/test1_ws/install
[0.439s] DEBUG:colcon.colcon_installed_package_information.package_discovery:Found 4 installed packages in /home/glory/ros2_ws/install
[0.440s] DEBUG:colcon.colcon_installed_package_information.package_discovery:Found 270 installed packages in /opt/ros/humble
[0.441s] Level 1:colcon.colcon_core.package_discovery:discover_packages(prefix_path) using defaults
[0.477s] Level 5:colcon.colcon_core.verb:set package 'my_turtle_interfaces' build argument 'cmake_args' from command line to 'None'
[0.477s] Level 5:colcon.colcon_core.verb:set package 'my_turtle_interfaces' build argument 'cmake_target' from command line to 'None'
[0.477s] Level 5:colcon.colcon_core.verb:set package 'my_turtle_interfaces' build argument 'cmake_target_skip_unavailable' from command line to 'False'
[0.477s] Level 5:colcon.colcon_core.verb:set package 'my_turtle_interfaces' build argument 'cmake_clean_cache' from command line to 'False'
[0.477s] Level 5:colcon.colcon_core.verb:set package 'my_turtle_interfaces' build argument 'cmake_clean_first' from command line to 'False'
[0.477s] Level 5:colcon.colcon_core.verb:set package 'my_turtle_interfaces' build argument 'cmake_force_configure' from command line to 'False'
[0.477s] Level 5:colcon.colcon_core.verb:set package 'my_turtle_interfaces' build argument 'ament_cmake_args' from command line to 'None'
[0.477s] Level 5:colcon.colcon_core.verb:set package 'my_turtle_interfaces' build argument 'catkin_cmake_args' from command line to 'None'
[0.477s] Level 5:colcon.colcon_core.verb:set package 'my_turtle_interfaces' build argument 'catkin_skip_building_tests' from command line to 'False'
[0.477s] DEBUG:colcon.colcon_core.verb:Building package 'my_turtle_interfaces' with the following arguments: {'ament_cmake_args': None, 'build_base': '/home/glory/turtlesim_catch_them_all/build/my_turtle_interfaces', 'catkin_cmake_args': None, 'catkin_skip_building_tests': False, 'cmake_args': None, 'cmake_clean_cache': False, 'cmake_clean_first': False, 'cmake_force_configure': False, 'cmake_target': None, 'cmake_target_skip_unavailable': False, 'install_base': '/home/glory/turtlesim_catch_them_all/install/my_turtle_interfaces', 'merge_install': False, 'path': '/home/glory/turtlesim_catch_them_all/src/my_turtle_interfaces', 'symlink_install': True, 'test_result_base': None}
[0.477s] Level 5:colcon.colcon_core.verb:set package 'py_pkg' build argument 'cmake_args' from command line to 'None'
[0.477s] Level 5:colcon.colcon_core.verb:set package 'py_pkg' build argument 'cmake_target' from command line to 'None'
[0.477s] Level 5:colcon.colcon_core.verb:set package 'py_pkg' build argument 'cmake_target_skip_unavailable' from command line to 'False'
[0.477s] Level 5:colcon.colcon_core.verb:set package 'py_pkg' build argument 'cmake_clean_cache' from command line to 'False'
[0.477s] Level 5:colcon.colcon_core.verb:set package 'py_pkg' build argument 'cmake_clean_first' from command line to 'False'
[0.477s] Level 5:colcon.colcon_core.verb:set package 'py_pkg' build argument 'cmake_force_configure' from command line to 'False'
[0.477s] Level 5:colcon.colcon_core.verb:set package 'py_pkg' build argument 'ament_cmake_args' from command line to 'None'
[0.477s] Level 5:colcon.colcon_core.verb:set package 'py_pkg' build argument 'catkin_cmake_args' from command line to 'None'
[0.477s] Level 5:colcon.colcon_core.verb:set package 'py_pkg' build argument 'catkin_skip_building_tests' from command line to 'False'
[0.477s] DEBUG:colcon.colcon_core.verb:Building package 'py_pkg' with the following arguments: {'ament_cmake_args': None, 'build_base': '/home/glory/turtlesim_catch_them_all/build/py_pkg', 'catkin_cmake_args': None, 'catkin_skip_building_tests': False, 'cmake_args': None, 'cmake_clean_cache': False, 'cmake_clean_first': False, 'cmake_force_configure': False, 'cmake_target': None, 'cmake_target_skip_unavailable': False, 'install_base': '/home/glory/turtlesim_catch_them_all/install/py_pkg', 'merge_install': False, 'path': '/home/glory/turtlesim_catch_them_all/src/py_pkg', 'symlink_install': True, 'test_result_base': None}
[0.478s] INFO:colcon.colcon_core.executor:Executing jobs using 'parallel' executor
[0.478s] DEBUG:colcon.colcon_parallel_executor.executor.parallel:run_until_complete
[0.478s] INFO:colcon.colcon_ros.task.ament_cmake.build:Building ROS package in '/home/glory/turtlesim_catch_them_all/src/my_turtle_interfaces' with build type 'ament_cmake'
[0.479s] INFO:colcon.colcon_cmake.task.cmake.build:Building CMake package in '/home/glory/turtlesim_catch_them_all/src/my_turtle_interfaces'
[0.483s] INFO:colcon.colcon_core.plugin_system:Skipping extension 'colcon_core.shell.bat': Not used on non-Windows systems
[0.483s] INFO:colcon.colcon_core.shell:Skip shell extension 'powershell' for command environment: Not usable outside of PowerShell
[0.483s] DEBUG:colcon.colcon_core.shell:Skip shell extension 'dsv' for command environment
[0.487s] INFO:colcon.colcon_ros.task.ament_python.build:Building ROS package in '/home/glory/turtlesim_catch_them_all/src/py_pkg' with build type 'ament_python'
[0.487s] Level 1:colcon.colcon_core.shell:create_environment_hook('py_pkg', 'ament_prefix_path')
[0.487s] INFO:colcon.colcon_core.shell:Creating environment hook '/home/glory/turtlesim_catch_them_all/install/py_pkg/share/py_pkg/hook/ament_prefix_path.ps1'
[0.488s] INFO:colcon.colcon_core.shell:Creating environment descriptor '/home/glory/turtlesim_catch_them_all/install/py_pkg/share/py_pkg/hook/ament_prefix_path.dsv'
[0.489s] INFO:colcon.colcon_core.shell:Creating environment hook '/home/glory/turtlesim_catch_them_all/install/py_pkg/share/py_pkg/hook/ament_prefix_path.sh'
[0.492s] INFO:colcon.colcon_core.shell:Skip shell extension 'powershell' for command environment: Not usable outside of PowerShell
[0.492s] DEBUG:colcon.colcon_core.shell:Skip shell extension 'dsv' for command environment
[0.497s] DEBUG:colcon.colcon_core.event_handler.log_command:Invoking command in '/home/glory/turtlesim_catch_them_all/build/my_turtle_interfaces': CMAKE_PREFIX_PATH=${CMAKE_PREFIX_PATH}:/home/glory/turtlesim_catch_them_all/install/py_pkg:/home/glory/ros2_ws/install/my_py_pkg:/home/glory/test1_ws/install/py_pkg:/opt/ros/humble /usr/bin/cmake /home/glory/turtlesim_catch_them_all/src/my_turtle_interfaces -DAMENT_CMAKE_SYMLINK_INSTALL=1 -DCMAKE_INSTALL_PREFIX=/home/glory/turtlesim_catch_them_all/install/my_turtle_interfaces
[0.753s] INFO:colcon.colcon_core.task.python.build:Building Python package in '/home/glory/turtlesim_catch_them_all/src/py_pkg'
[0.754s] INFO:colcon.colcon_core.shell:Skip shell extension 'powershell' for command environment: Not usable outside of PowerShell
[0.754s] DEBUG:colcon.colcon_core.shell:Skip shell extension 'dsv' for command environment
[1.076s] DEBUG:colcon.colcon_core.event_handler.log_command:Invoking command in '/home/glory/turtlesim_catch_them_all/build/py_pkg': PYTHONPATH=/home/glory/turtlesim_catch_them_all/build/py_pkg/prefix_override:/home/glory/turtlesim_catch_them_all/install/py_pkg/lib/python3.10/site-packages:${PYTHONPATH} /usr/bin/python3 -W ignore:setup.py install is deprecated setup.py develop --editable --build-directory /home/glory/turtlesim_catch_them_all/build/py_pkg/build --no-deps symlink_data
[1.492s] Level 1:colcon.colcon_core.shell:create_environment_hook('py_pkg', 'pythonpath_develop')
[1.493s] INFO:colcon.colcon_core.shell:Creating environment hook '/home/glory/turtlesim_catch_them_all/build/py_pkg/share/py_pkg/hook/pythonpath_develop.ps1'
[1.493s] DEBUG:colcon.colcon_core.event_handler.log_command:Invoked command in '/home/glory/turtlesim_catch_them_all/build/py_pkg' returned '0': PYTHONPATH=/home/glory/turtlesim_catch_them_all/build/py_pkg/prefix_override:/home/glory/turtlesim_catch_them_all/install/py_pkg/lib/python3.10/site-packages:${PYTHONPATH} /usr/bin/python3 -W ignore:setup.py install is deprecated setup.py develop --editable --build-directory /home/glory/turtlesim_catch_them_all/build/py_pkg/build --no-deps symlink_data
[1.493s] INFO:colcon.colcon_core.shell:Creating environment descriptor '/home/glory/turtlesim_catch_them_all/build/py_pkg/share/py_pkg/hook/pythonpath_develop.dsv'
[1.494s] INFO:colcon.colcon_core.shell:Creating environment hook '/home/glory/turtlesim_catch_them_all/build/py_pkg/share/py_pkg/hook/pythonpath_develop.sh'
[1.500s] Level 1:colcon.colcon_core.environment:checking '/home/glory/turtlesim_catch_them_all/install/py_pkg' for CMake module files
[1.500s] Level 1:colcon.colcon_core.environment:checking '/home/glory/turtlesim_catch_them_all/install/py_pkg' for CMake config files
[1.501s] Level 1:colcon.colcon_core.environment:checking '/home/glory/turtlesim_catch_them_all/install/py_pkg/lib'
[1.501s] Level 1:colcon.colcon_core.environment:checking '/home/glory/turtlesim_catch_them_all/install/py_pkg/bin'
[1.501s] Level 1:colcon.colcon_core.environment:checking '/home/glory/turtlesim_catch_them_all/install/py_pkg/lib/pkgconfig/py_pkg.pc'
[1.501s] Level 1:colcon.colcon_core.environment:checking '/home/glory/turtlesim_catch_them_all/install/py_pkg/lib/python3.10/site-packages'
[1.501s] Level 1:colcon.colcon_core.shell:create_environment_hook('py_pkg', 'pythonpath')
[1.501s] INFO:colcon.colcon_core.shell:Creating environment hook '/home/glory/turtlesim_catch_them_all/install/py_pkg/share/py_pkg/hook/pythonpath.ps1'
[1.502s] INFO:colcon.colcon_core.shell:Creating environment descriptor '/home/glory/turtlesim_catch_them_all/install/py_pkg/share/py_pkg/hook/pythonpath.dsv'
[1.502s] INFO:colcon.colcon_core.shell:Creating environment hook '/home/glory/turtlesim_catch_them_all/install/py_pkg/share/py_pkg/hook/pythonpath.sh'
[1.502s] Level 1:colcon.colcon_core.environment:checking '/home/glory/turtlesim_catch_them_all/install/py_pkg/bin'
[1.502s] Level 1:colcon.colcon_core.environment:create_environment_scripts_only(py_pkg)
[1.503s] INFO:colcon.colcon_core.shell:Creating package script '/home/glory/turtlesim_catch_them_all/install/py_pkg/share/py_pkg/package.ps1'
[1.504s] INFO:colcon.colcon_core.shell:Creating package descriptor '/home/glory/turtlesim_catch_them_all/install/py_pkg/share/py_pkg/package.dsv'
[1.504s] INFO:colcon.colcon_core.shell:Creating package script '/home/glory/turtlesim_catch_them_all/install/py_pkg/share/py_pkg/package.sh'
[1.505s] INFO:colcon.colcon_core.shell:Creating package script '/home/glory/turtlesim_catch_them_all/install/py_pkg/share/py_pkg/package.bash'
[1.506s] INFO:colcon.colcon_core.shell:Creating package script '/home/glory/turtlesim_catch_them_all/install/py_pkg/share/py_pkg/package.zsh'
[1.507s] Level 1:colcon.colcon_core.environment:create_file_with_runtime_dependencies(/home/glory/turtlesim_catch_them_all/install/py_pkg/share/colcon-core/packages/py_pkg)
[2.064s] DEBUG:colcon.colcon_core.event_handler.log_command:Invoked command in '/home/glory/turtlesim_catch_them_all/build/my_turtle_interfaces' returned '0': CMAKE_PREFIX_PATH=${CMAKE_PREFIX_PATH}:/home/glory/turtlesim_catch_them_all/install/py_pkg:/home/glory/ros2_ws/install/my_py_pkg:/home/glory/test1_ws/install/py_pkg:/opt/ros/humble /usr/bin/cmake /home/glory/turtlesim_catch_them_all/src/my_turtle_interfaces -DAMENT_CMAKE_SYMLINK_INSTALL=1 -DCMAKE_INSTALL_PREFIX=/home/glory/turtlesim_catch_them_all/install/my_turtle_interfaces
[2.065s] DEBUG:colcon.colcon_core.event_handler.log_command:Invoking command in '/home/glory/turtlesim_catch_them_all/build/my_turtle_interfaces': CMAKE_PREFIX_PATH=${CMAKE_PREFIX_PATH}:/home/glory/turtlesim_catch_them_all/install/py_pkg:/home/glory/ros2_ws/install/my_py_pkg:/home/glory/test1_ws/install/py_pkg:/opt/ros/humble /usr/bin/cmake --build /home/glory/turtlesim_catch_them_all/build/my_turtle_interfaces -- -j3 -l3
[4.030s] DEBUG:colcon.colcon_core.event_handler.log_command:Invoked command in '/home/glory/turtlesim_catch_them_all/build/my_turtle_interfaces' returned '0': CMAKE_PREFIX_PATH=${CMAKE_PREFIX_PATH}:/home/glory/turtlesim_catch_them_all/install/py_pkg:/home/glory/ros2_ws/install/my_py_pkg:/home/glory/test1_ws/install/py_pkg:/opt/ros/humble /usr/bin/cmake --build /home/glory/turtlesim_catch_them_all/build/my_turtle_interfaces -- -j3 -l3
[4.087s] DEBUG:colcon.colcon_core.event_handler.log_command:Invoking command in '/home/glory/turtlesim_catch_them_all/build/my_turtle_interfaces': CMAKE_PREFIX_PATH=${CMAKE_PREFIX_PATH}:/home/glory/turtlesim_catch_them_all/install/py_pkg:/home/glory/ros2_ws/install/my_py_pkg:/home/glory/test1_ws/install/py_pkg:/opt/ros/humble /usr/bin/cmake --install /home/glory/turtlesim_catch_them_all/build/my_turtle_interfaces
[4.594s] Level 1:colcon.colcon_core.environment:create_environment_scripts_only(my_turtle_interfaces)
[4.594s] Level 1:colcon.colcon_core.environment:checking '/home/glory/turtlesim_catch_them_all/install/my_turtle_interfaces' for CMake module files
[4.595s] Level 1:colcon.colcon_core.environment:checking '/home/glory/turtlesim_catch_them_all/install/my_turtle_interfaces' for CMake config files
[4.595s] Level 1:colcon.colcon_core.shell:create_environment_hook('my_turtle_interfaces', 'cmake_prefix_path')
[4.595s] INFO:colcon.colcon_core.shell:Creating environment hook '/home/glory/turtlesim_catch_them_all/install/my_turtle_interfaces/share/my_turtle_interfaces/hook/cmake_prefix_path.ps1'
[4.596s] INFO:colcon.colcon_core.shell:Creating environment descriptor '/home/glory/turtlesim_catch_them_all/install/my_turtle_interfaces/share/my_turtle_interfaces/hook/cmake_prefix_path.dsv'
[4.596s] DEBUG:colcon.colcon_core.event_handler.log_command:Invoked command in '/home/glory/turtlesim_catch_them_all/build/my_turtle_interfaces' returned '0': CMAKE_PREFIX_PATH=${CMAKE_PREFIX_PATH}:/home/glory/turtlesim_catch_them_all/install/py_pkg:/home/glory/ros2_ws/install/my_py_pkg:/home/glory/test1_ws/install/py_pkg:/opt/ros/humble /usr/bin/cmake --install /home/glory/turtlesim_catch_them_all/build/my_turtle_interfaces
[4.597s] INFO:colcon.colcon_core.shell:Creating environment hook '/home/glory/turtlesim_catch_them_all/install/my_turtle_interfaces/share/my_turtle_interfaces/hook/cmake_prefix_path.sh'
[4.597s] Level 1:colcon.colcon_core.environment:checking '/home/glory/turtlesim_catch_them_all/install/my_turtle_interfaces/lib'
[4.597s] Level 1:colcon.colcon_core.shell:create_environment_hook('my_turtle_interfaces', 'ld_library_path_lib')
[4.597s] INFO:colcon.colcon_core.shell:Creating environment hook '/home/glory/turtlesim_catch_them_all/install/my_turtle_interfaces/share/my_turtle_interfaces/hook/ld_library_path_lib.ps1'
[4.597s] INFO:colcon.colcon_core.shell:Creating environment descriptor '/home/glory/turtlesim_catch_them_all/install/my_turtle_interfaces/share/my_turtle_interfaces/hook/ld_library_path_lib.dsv'
[4.598s] INFO:colcon.colcon_core.shell:Creating environment hook '/home/glory/turtlesim_catch_them_all/install/my_turtle_interfaces/share/my_turtle_interfaces/hook/ld_library_path_lib.sh'
[4.598s] Level 1:colcon.colcon_core.environment:checking '/home/glory/turtlesim_catch_them_all/install/my_turtle_interfaces/bin'
[4.598s] Level 1:colcon.colcon_core.environment:checking '/home/glory/turtlesim_catch_them_all/install/my_turtle_interfaces/lib/pkgconfig/my_turtle_interfaces.pc'
[4.598s] Level 1:colcon.colcon_core.environment:checking '/home/glory/turtlesim_catch_them_all/install/my_turtle_interfaces/lib/python3.10/site-packages'
[4.598s] Level 1:colcon.colcon_core.environment:checking '/home/glory/turtlesim_catch_them_all/install/my_turtle_interfaces/bin'
[4.599s] INFO:colcon.colcon_core.shell:Creating package script '/home/glory/turtlesim_catch_them_all/install/my_turtle_interfaces/share/my_turtle_interfaces/package.ps1'
[4.599s] INFO:colcon.colcon_core.shell:Creating package descriptor '/home/glory/turtlesim_catch_them_all/install/my_turtle_interfaces/share/my_turtle_interfaces/package.dsv'
[4.599s] INFO:colcon.colcon_core.shell:Creating package script '/home/glory/turtlesim_catch_them_all/install/my_turtle_interfaces/share/my_turtle_interfaces/package.sh'
[4.599s] INFO:colcon.colcon_core.shell:Creating package script '/home/glory/turtlesim_catch_them_all/install/my_turtle_interfaces/share/my_turtle_interfaces/package.bash'
[4.600s] INFO:colcon.colcon_core.shell:Creating package script '/home/glory/turtlesim_catch_them_all/install/my_turtle_interfaces/share/my_turtle_interfaces/package.zsh'
[4.600s] Level 1:colcon.colcon_core.environment:create_file_with_runtime_dependencies(/home/glory/turtlesim_catch_them_all/install/my_turtle_interfaces/share/colcon-core/packages/my_turtle_interfaces)
[4.648s] Level 1:colcon.colcon_core.environment:create_environment_scripts_only(my_turtle_interfaces)
[4.648s] Level 1:colcon.colcon_core.environment:checking '/home/glory/turtlesim_catch_them_all/install/my_turtle_interfaces' for CMake module files
[4.649s] Level 1:colcon.colcon_core.environment:checking '/home/glory/turtlesim_catch_them_all/install/my_turtle_interfaces' for CMake config files
[4.649s] Level 1:colcon.colcon_core.shell:create_environment_hook('my_turtle_interfaces', 'cmake_prefix_path')
[4.649s] INFO:colcon.colcon_core.shell:Creating environment hook '/home/glory/turtlesim_catch_them_all/install/my_turtle_interfaces/share/my_turtle_interfaces/hook/cmake_prefix_path.ps1'
[4.650s] INFO:colcon.colcon_core.shell:Creating environment descriptor '/home/glory/turtlesim_catch_them_all/install/my_turtle_interfaces/share/my_turtle_interfaces/hook/cmake_prefix_path.dsv'
[4.650s] INFO:colcon.colcon_core.shell:Creating environment hook '/home/glory/turtlesim_catch_them_all/install/my_turtle_interfaces/share/my_turtle_interfaces/hook/cmake_prefix_path.sh'
[4.651s] Level 1:colcon.colcon_core.environment:checking '/home/glory/turtlesim_catch_them_all/install/my_turtle_interfaces/lib'
[4.651s] Level 1:colcon.colcon_core.shell:create_environment_hook('my_turtle_interfaces', 'ld_library_path_lib')
[4.651s] INFO:colcon.colcon_core.shell:Creating environment hook '/home/glory/turtlesim_catch_them_all/install/my_turtle_interfaces/share/my_turtle_interfaces/hook/ld_library_path_lib.ps1'
[4.651s] INFO:colcon.colcon_core.shell:Creating environment descriptor '/home/glory/turtlesim_catch_them_all/install/my_turtle_interfaces/share/my_turtle_interfaces/hook/ld_library_path_lib.dsv'
[4.651s] INFO:colcon.colcon_core.shell:Creating environment hook '/home/glory/turtlesim_catch_them_all/install/my_turtle_interfaces/share/my_turtle_interfaces/hook/ld_library_path_lib.sh'
[4.652s] Level 1:colcon.colcon_core.environment:checking '/home/glory/turtlesim_catch_them_all/install/my_turtle_interfaces/bin'
[4.652s] Level 1:colcon.colcon_core.environment:checking '/home/glory/turtlesim_catch_them_all/install/my_turtle_interfaces/lib/pkgconfig/my_turtle_interfaces.pc'
[4.652s] Level 1:colcon.colcon_core.environment:checking '/home/glory/turtlesim_catch_them_all/install/my_turtle_interfaces/lib/python3.10/site-packages'
[4.652s] Level 1:colcon.colcon_core.environment:checking '/home/glory/turtlesim_catch_them_all/install/my_turtle_interfaces/bin'
[4.653s] INFO:colcon.colcon_core.shell:Creating package script '/home/glory/turtlesim_catch_them_all/install/my_turtle_interfaces/share/my_turtle_interfaces/package.ps1'
[4.653s] INFO:colcon.colcon_core.shell:Creating package descriptor '/home/glory/turtlesim_catch_them_all/install/my_turtle_interfaces/share/my_turtle_interfaces/package.dsv'
[4.653s] INFO:colcon.colcon_core.shell:Creating package script '/home/glory/turtlesim_catch_them_all/install/my_turtle_interfaces/share/my_turtle_interfaces/package.sh'
[4.655s] INFO:colcon.colcon_core.shell:Creating package script '/home/glory/turtlesim_catch_them_all/install/my_turtle_interfaces/share/my_turtle_interfaces/package.bash'
[4.655s] INFO:colcon.colcon_core.shell:Creating package script '/home/glory/turtlesim_catch_them_all/install/my_turtle_interfaces/share/my_turtle_interfaces/package.zsh'
[4.655s] Level 1:colcon.colcon_core.environment:create_file_with_runtime_dependencies(/home/glory/turtlesim_catch_them_all/install/my_turtle_interfaces/share/colcon-core/packages/my_turtle_interfaces)
[4.656s] DEBUG:colcon.colcon_parallel_executor.executor.parallel:closing loop
[4.656s] DEBUG:colcon.colcon_parallel_executor.executor.parallel:loop closed
[4.656s] DEBUG:colcon.colcon_parallel_executor.executor.parallel:run_until_complete finished with '0'
[4.656s] DEBUG:colcon.colcon_core.event_reactor:joining thread
[4.665s] INFO:colcon.colcon_core.plugin_system:Skipping extension 'colcon_notification.desktop_notification.terminal_notifier': Not used on non-Darwin systems
[4.665s] INFO:colcon.colcon_core.plugin_system:Skipping extension 'colcon_notification.desktop_notification.win32': Not used on non-Windows systems
[4.665s] INFO:colcon.colcon_notification.desktop_notification:Sending desktop notification using 'notify2'
[4.685s] DEBUG:colcon.colcon_core.event_reactor:joined thread
[4.685s] INFO:colcon.colcon_core.shell:Creating prefix script '/home/glory/turtlesim_catch_them_all/install/local_setup.ps1'
[4.687s] INFO:colcon.colcon_core.shell:Creating prefix util module '/home/glory/turtlesim_catch_them_all/install/_local_setup_util_ps1.py'
[4.689s] INFO:colcon.colcon_core.shell:Creating prefix chain script '/home/glory/turtlesim_catch_them_all/install/setup.ps1'
[4.690s] INFO:colcon.colcon_core.shell:Creating prefix script '/home/glory/turtlesim_catch_them_all/install/local_setup.sh'
[4.691s] INFO:colcon.colcon_core.shell:Creating prefix util module '/home/glory/turtlesim_catch_them_all/install/_local_setup_util_sh.py'
[4.691s] INFO:colcon.colcon_core.shell:Creating prefix chain script '/home/glory/turtlesim_catch_them_all/install/setup.sh'
[4.693s] INFO:colcon.colcon_core.shell:Creating prefix script '/home/glory/turtlesim_catch_them_all/install/local_setup.bash'
[4.694s] INFO:colcon.colcon_core.shell:Creating prefix chain script '/home/glory/turtlesim_catch_them_all/install/setup.bash'
[4.695s] INFO:colcon.colcon_core.shell:Creating prefix script '/home/glory/turtlesim_catch_them_all/install/local_setup.zsh'
[4.696s] INFO:colcon.colcon_core.shell:Creating prefix chain script '/home/glory/turtlesim_catch_them_all/install/setup.zsh'
