[0.141s] DEBUG:colcon:Command line arguments: ['/usr/bin/colcon', 'build', '--symlink-install']
[0.142s] DEBUG:colcon:Parsed command line arguments: Namespace(log_base=None, log_level=None, verb_name='build', build_base='build', install_base='install', merge_install=False, symlink_install=True, test_result_base=None, continue_on_error=False, executor='parallel', parallel_workers=3, event_handlers=None, ignore_user_meta=False, metas=['./colcon.meta'], base_paths=['.'], packages_ignore=None, packages_ignore_regex=None, paths=None, packages_up_to=None, packages_up_to_regex=None, packages_above=None, packages_above_and_dependencies=None, packages_above_depth=None, packages_select_by_dep=None, packages_skip_by_dep=None, packages_skip_up_to=None, packages_select_build_failed=False, packages_skip_build_finished=False, packages_select_test_failures=False, packages_skip_test_passed=False, packages_select=None, packages_skip=None, packages_select_regex=None, packages_skip_regex=None, packages_start=None, packages_end=None, allow_overriding=[], cmake_args=None, cmake_target=None, cmake_target_skip_unavailable=False, cmake_clean_cache=False, cmake_clean_first=False, cmake_force_configure=False, ament_cmake_args=None, catkin_cmake_args=None, catkin_skip_building_tests=False, verb_parser=<colcon_defaults.argument_parser.defaults.DefaultArgumentsDecorator object at 0x7f3d64d7c400>, verb_extension=<colcon_core.verb.build.BuildVerb object at 0x7f3d64d3f2e0>, main=<bound method BuildVerb.main of <colcon_core.verb.build.BuildVerb object at 0x7f3d64d3f2e0>>)
[0.415s] Level 1:colcon.colcon_core.package_discovery:discover_packages(colcon_meta) check parameters
[0.415s] Level 1:colcon.colcon_core.package_discovery:discover_packages(recursive) check parameters
[0.415s] Level 1:colcon.colcon_core.package_discovery:discover_packages(ignore) check parameters
[0.415s] Level 1:colcon.colcon_core.package_discovery:discover_packages(path) check parameters
[0.415s] Level 1:colcon.colcon_core.package_discovery:discover_packages(colcon_meta) discover
[0.415s] Level 1:colcon.colcon_core.package_discovery:discover_packages(recursive) discover
[0.415s] INFO:colcon.colcon_core.package_discovery:Crawling recursively for packages in '/home/glory/turtlesim_catch_them_all'
[0.415s] Level 1:colcon.colcon_core.package_identification:_identify(.) by extensions ['ignore', 'ignore_ament_install']
[0.415s] Level 1:colcon.colcon_core.package_identification:_identify(.) by extension 'ignore'
[0.416s] Level 1:colcon.colcon_core.package_identification:_identify(.) by extension 'ignore_ament_install'
[0.416s] Level 1:colcon.colcon_core.package_identification:_identify(.) by extensions ['colcon_pkg']
[0.416s] Level 1:colcon.colcon_core.package_identification:_identify(.) by extension 'colcon_pkg'
[0.416s] Level 1:colcon.colcon_core.package_identification:_identify(.) by extensions ['colcon_meta']
[0.416s] Level 1:colcon.colcon_core.package_identification:_identify(.) by extension 'colcon_meta'
[0.416s] Level 1:colcon.colcon_core.package_identification:_identify(.) by extensions ['ros']
[0.416s] Level 1:colcon.colcon_core.package_identification:_identify(.) by extension 'ros'
[0.430s] Level 1:colcon.colcon_core.package_identification:_identify(.) by extensions ['cmake', 'python']
[0.430s] Level 1:colcon.colcon_core.package_identification:_identify(.) by extension 'cmake'
[0.430s] Level 1:colcon.colcon_core.package_identification:_identify(.) by extension 'python'
[0.430s] Level 1:colcon.colcon_core.package_identification:_identify(.) by extensions ['python_setup_py']
[0.430s] Level 1:colcon.colcon_core.package_identification:_identify(.) by extension 'python_setup_py'
[0.430s] Level 1:colcon.colcon_core.package_identification:_identify(build) by extensions ['ignore', 'ignore_ament_install']
[0.431s] Level 1:colcon.colcon_core.package_identification:_identify(build) by extension 'ignore'
[0.431s] Level 1:colcon.colcon_core.package_identification:_identify(build) ignored
[0.431s] Level 1:colcon.colcon_core.package_identification:_identify(install) by extensions ['ignore', 'ignore_ament_install']
[0.431s] Level 1:colcon.colcon_core.package_identification:_identify(install) by extension 'ignore'
[0.431s] Level 1:colcon.colcon_core.package_identification:_identify(install) ignored
[0.431s] Level 1:colcon.colcon_core.package_identification:_identify(log) by extensions ['ignore', 'ignore_ament_install']
[0.431s] Level 1:colcon.colcon_core.package_identification:_identify(log) by extension 'ignore'
[0.431s] Level 1:colcon.colcon_core.package_identification:_identify(log) ignored
[0.431s] Level 1:colcon.colcon_core.package_identification:_identify(src) by extensions ['ignore', 'ignore_ament_install']
[0.432s] Level 1:colcon.colcon_core.package_identification:_identify(src) by extension 'ignore'
[0.432s] Level 1:colcon.colcon_core.package_identification:_identify(src) by extension 'ignore_ament_install'
[0.432s] Level 1:colcon.colcon_core.package_identification:_identify(src) by extensions ['colcon_pkg']
[0.432s] Level 1:colcon.colcon_core.package_identification:_identify(src) by extension 'colcon_pkg'
[0.432s] Level 1:colcon.colcon_core.package_identification:_identify(src) by extensions ['colcon_meta']
[0.432s] Level 1:colcon.colcon_core.package_identification:_identify(src) by extension 'colcon_meta'
[0.432s] Level 1:colcon.colcon_core.package_identification:_identify(src) by extensions ['ros']
[0.432s] Level 1:colcon.colcon_core.package_identification:_identify(src) by extension 'ros'
[0.432s] Level 1:colcon.colcon_core.package_identification:_identify(src) by extensions ['cmake', 'python']
[0.432s] Level 1:colcon.colcon_core.package_identification:_identify(src) by extension 'cmake'
[0.432s] Level 1:colcon.colcon_core.package_identification:_identify(src) by extension 'python'
[0.432s] Level 1:colcon.colcon_core.package_identification:_identify(src) by extensions ['python_setup_py']
[0.432s] Level 1:colcon.colcon_core.package_identification:_identify(src) by extension 'python_setup_py'
[0.432s] Level 1:colcon.colcon_core.package_identification:_identify(src/py_pkg) by extensions ['ignore', 'ignore_ament_install']
[0.433s] Level 1:colcon.colcon_core.package_identification:_identify(src/py_pkg) by extension 'ignore'
[0.433s] Level 1:colcon.colcon_core.package_identification:_identify(src/py_pkg) by extension 'ignore_ament_install'
[0.433s] Level 1:colcon.colcon_core.package_identification:_identify(src/py_pkg) by extensions ['colcon_pkg']
[0.433s] Level 1:colcon.colcon_core.package_identification:_identify(src/py_pkg) by extension 'colcon_pkg'
[0.433s] Level 1:colcon.colcon_core.package_identification:_identify(src/py_pkg) by extensions ['colcon_meta']
[0.433s] Level 1:colcon.colcon_core.package_identification:_identify(src/py_pkg) by extension 'colcon_meta'
[0.433s] Level 1:colcon.colcon_core.package_identification:_identify(src/py_pkg) by extensions ['ros']
[0.433s] Level 1:colcon.colcon_core.package_identification:_identify(src/py_pkg) by extension 'ros'
[0.436s] DEBUG:colcon.colcon_core.package_identification:Package 'src/py_pkg' with type 'ros.ament_python' and name 'py_pkg'
[0.436s] Level 1:colcon.colcon_core.package_discovery:discover_packages(recursive) using defaults
[0.436s] Level 1:colcon.colcon_core.package_discovery:discover_packages(ignore) discover
[0.436s] Level 1:colcon.colcon_core.package_discovery:discover_packages(ignore) using defaults
[0.436s] Level 1:colcon.colcon_core.package_discovery:discover_packages(path) discover
[0.436s] Level 1:colcon.colcon_core.package_discovery:discover_packages(path) using defaults
[0.476s] Level 1:colcon.colcon_core.package_discovery:discover_packages(prefix_path) check parameters
[0.477s] Level 1:colcon.colcon_core.package_discovery:discover_packages(prefix_path) discover
[0.479s] DEBUG:colcon.colcon_installed_package_information.package_discovery:Found 3 installed packages in /home/glory/test1_ws/install
[0.480s] DEBUG:colcon.colcon_installed_package_information.package_discovery:Found 4 installed packages in /home/glory/ros2_ws/install
[0.481s] DEBUG:colcon.colcon_installed_package_information.package_discovery:Found 270 installed packages in /opt/ros/humble
[0.483s] Level 1:colcon.colcon_core.package_discovery:discover_packages(prefix_path) using defaults
[0.534s] Level 5:colcon.colcon_core.verb:set package 'py_pkg' build argument 'cmake_args' from command line to 'None'
[0.534s] Level 5:colcon.colcon_core.verb:set package 'py_pkg' build argument 'cmake_target' from command line to 'None'
[0.534s] Level 5:colcon.colcon_core.verb:set package 'py_pkg' build argument 'cmake_target_skip_unavailable' from command line to 'False'
[0.534s] Level 5:colcon.colcon_core.verb:set package 'py_pkg' build argument 'cmake_clean_cache' from command line to 'False'
[0.534s] Level 5:colcon.colcon_core.verb:set package 'py_pkg' build argument 'cmake_clean_first' from command line to 'False'
[0.534s] Level 5:colcon.colcon_core.verb:set package 'py_pkg' build argument 'cmake_force_configure' from command line to 'False'
[0.534s] Level 5:colcon.colcon_core.verb:set package 'py_pkg' build argument 'ament_cmake_args' from command line to 'None'
[0.534s] Level 5:colcon.colcon_core.verb:set package 'py_pkg' build argument 'catkin_cmake_args' from command line to 'None'
[0.535s] Level 5:colcon.colcon_core.verb:set package 'py_pkg' build argument 'catkin_skip_building_tests' from command line to 'False'
[0.535s] DEBUG:colcon.colcon_core.verb:Building package 'py_pkg' with the following arguments: {'ament_cmake_args': None, 'build_base': '/home/glory/turtlesim_catch_them_all/build/py_pkg', 'catkin_cmake_args': None, 'catkin_skip_building_tests': False, 'cmake_args': None, 'cmake_clean_cache': False, 'cmake_clean_first': False, 'cmake_force_configure': False, 'cmake_target': None, 'cmake_target_skip_unavailable': False, 'install_base': '/home/glory/turtlesim_catch_them_all/install/py_pkg', 'merge_install': False, 'path': '/home/glory/turtlesim_catch_them_all/src/py_pkg', 'symlink_install': True, 'test_result_base': None}
[0.535s] INFO:colcon.colcon_core.executor:Executing jobs using 'parallel' executor
[0.536s] DEBUG:colcon.colcon_parallel_executor.executor.parallel:run_until_complete
[0.537s] INFO:colcon.colcon_ros.task.ament_python.build:Building ROS package in '/home/glory/turtlesim_catch_them_all/src/py_pkg' with build type 'ament_python'
[0.537s] Level 1:colcon.colcon_core.shell:create_environment_hook('py_pkg', 'ament_prefix_path')
[0.540s] INFO:colcon.colcon_core.plugin_system:Skipping extension 'colcon_core.shell.bat': Not used on non-Windows systems
[0.541s] INFO:colcon.colcon_core.shell:Creating environment hook '/home/glory/turtlesim_catch_them_all/install/py_pkg/share/py_pkg/hook/ament_prefix_path.ps1'
[0.541s] INFO:colcon.colcon_core.shell:Creating environment descriptor '/home/glory/turtlesim_catch_them_all/install/py_pkg/share/py_pkg/hook/ament_prefix_path.dsv'
[0.542s] INFO:colcon.colcon_core.shell:Creating environment hook '/home/glory/turtlesim_catch_them_all/install/py_pkg/share/py_pkg/hook/ament_prefix_path.sh'
[0.543s] INFO:colcon.colcon_core.shell:Skip shell extension 'powershell' for command environment: Not usable outside of PowerShell
[0.543s] DEBUG:colcon.colcon_core.shell:Skip shell extension 'dsv' for command environment
[0.934s] INFO:colcon.colcon_core.task.python.build:Building Python package in '/home/glory/turtlesim_catch_them_all/src/py_pkg'
[0.934s] INFO:colcon.colcon_core.shell:Skip shell extension 'powershell' for command environment: Not usable outside of PowerShell
[0.935s] DEBUG:colcon.colcon_core.shell:Skip shell extension 'dsv' for command environment
[1.400s] DEBUG:colcon.colcon_core.task.python.build:While undoing a previous installation files outside the Python library path are being ignored: /home/glory/turtlesim_catch_them_all/install/py_pkg/share/ament_index/resource_index/packages/py_pkg
[1.400s] DEBUG:colcon.colcon_core.task.python.build:While undoing a previous installation files outside the Python library path are being ignored: /home/glory/turtlesim_catch_them_all/install/py_pkg/share/py_pkg/package.xml
[1.400s] DEBUG:colcon.colcon_core.task.python.build:While undoing a previous installation files outside the Python library path are being ignored: /home/glory/turtlesim_catch_them_all/install/py_pkg/lib/py_pkg/turtle_controller
[1.405s] DEBUG:colcon.colcon_core.event_handler.log_command:Invoking command in '/home/glory/turtlesim_catch_them_all/build/py_pkg': PYTHONPATH=/home/glory/turtlesim_catch_them_all/build/py_pkg/prefix_override:/home/glory/turtlesim_catch_them_all/install/py_pkg/lib/python3.10/site-packages:${PYTHONPATH} /usr/bin/python3 -W ignore:setup.py install is deprecated setup.py develop --editable --build-directory /home/glory/turtlesim_catch_them_all/build/py_pkg/build --no-deps symlink_data --force
[2.123s] Level 1:colcon.colcon_core.shell:create_environment_hook('py_pkg', 'pythonpath_develop')
[2.123s] DEBUG:colcon.colcon_core.event_handler.log_command:Invoked command in '/home/glory/turtlesim_catch_them_all/build/py_pkg' returned '0': PYTHONPATH=/home/glory/turtlesim_catch_them_all/build/py_pkg/prefix_override:/home/glory/turtlesim_catch_them_all/install/py_pkg/lib/python3.10/site-packages:${PYTHONPATH} /usr/bin/python3 -W ignore:setup.py install is deprecated setup.py develop --editable --build-directory /home/glory/turtlesim_catch_them_all/build/py_pkg/build --no-deps symlink_data --force
[2.123s] INFO:colcon.colcon_core.shell:Creating environment hook '/home/glory/turtlesim_catch_them_all/build/py_pkg/share/py_pkg/hook/pythonpath_develop.ps1'
[2.124s] INFO:colcon.colcon_core.shell:Creating environment descriptor '/home/glory/turtlesim_catch_them_all/build/py_pkg/share/py_pkg/hook/pythonpath_develop.dsv'
[2.125s] INFO:colcon.colcon_core.shell:Creating environment hook '/home/glory/turtlesim_catch_them_all/build/py_pkg/share/py_pkg/hook/pythonpath_develop.sh'
[2.128s] Level 1:colcon.colcon_core.environment:checking '/home/glory/turtlesim_catch_them_all/install/py_pkg' for CMake module files
[2.129s] Level 1:colcon.colcon_core.environment:checking '/home/glory/turtlesim_catch_them_all/install/py_pkg' for CMake config files
[2.130s] Level 1:colcon.colcon_core.environment:checking '/home/glory/turtlesim_catch_them_all/install/py_pkg/lib'
[2.130s] Level 1:colcon.colcon_core.environment:checking '/home/glory/turtlesim_catch_them_all/install/py_pkg/bin'
[2.130s] Level 1:colcon.colcon_core.environment:checking '/home/glory/turtlesim_catch_them_all/install/py_pkg/lib/pkgconfig/py_pkg.pc'
[2.130s] Level 1:colcon.colcon_core.environment:checking '/home/glory/turtlesim_catch_them_all/install/py_pkg/lib/python3.10/site-packages'
[2.131s] Level 1:colcon.colcon_core.shell:create_environment_hook('py_pkg', 'pythonpath')
[2.131s] INFO:colcon.colcon_core.shell:Creating environment hook '/home/glory/turtlesim_catch_them_all/install/py_pkg/share/py_pkg/hook/pythonpath.ps1'
[2.131s] INFO:colcon.colcon_core.shell:Creating environment descriptor '/home/glory/turtlesim_catch_them_all/install/py_pkg/share/py_pkg/hook/pythonpath.dsv'
[2.132s] INFO:colcon.colcon_core.shell:Creating environment hook '/home/glory/turtlesim_catch_them_all/install/py_pkg/share/py_pkg/hook/pythonpath.sh'
[2.133s] Level 1:colcon.colcon_core.environment:checking '/home/glory/turtlesim_catch_them_all/install/py_pkg/bin'
[2.133s] Level 1:colcon.colcon_core.environment:create_environment_scripts_only(py_pkg)
[2.134s] INFO:colcon.colcon_core.shell:Creating package script '/home/glory/turtlesim_catch_them_all/install/py_pkg/share/py_pkg/package.ps1'
[2.135s] INFO:colcon.colcon_core.shell:Creating package descriptor '/home/glory/turtlesim_catch_them_all/install/py_pkg/share/py_pkg/package.dsv'
[2.136s] INFO:colcon.colcon_core.shell:Creating package script '/home/glory/turtlesim_catch_them_all/install/py_pkg/share/py_pkg/package.sh'
[2.137s] INFO:colcon.colcon_core.shell:Creating package script '/home/glory/turtlesim_catch_them_all/install/py_pkg/share/py_pkg/package.bash'
[2.138s] INFO:colcon.colcon_core.shell:Creating package script '/home/glory/turtlesim_catch_them_all/install/py_pkg/share/py_pkg/package.zsh'
[2.139s] Level 1:colcon.colcon_core.environment:create_file_with_runtime_dependencies(/home/glory/turtlesim_catch_them_all/install/py_pkg/share/colcon-core/packages/py_pkg)
[2.140s] DEBUG:colcon.colcon_parallel_executor.executor.parallel:closing loop
[2.141s] DEBUG:colcon.colcon_parallel_executor.executor.parallel:loop closed
[2.141s] DEBUG:colcon.colcon_parallel_executor.executor.parallel:run_until_complete finished with '0'
[2.141s] DEBUG:colcon.colcon_core.event_reactor:joining thread
[2.148s] INFO:colcon.colcon_core.plugin_system:Skipping extension 'colcon_notification.desktop_notification.terminal_notifier': Not used on non-Darwin systems
[2.148s] INFO:colcon.colcon_core.plugin_system:Skipping extension 'colcon_notification.desktop_notification.win32': Not used on non-Windows systems
[2.148s] INFO:colcon.colcon_notification.desktop_notification:Sending desktop notification using 'notify2'
[2.182s] DEBUG:colcon.colcon_core.event_reactor:joined thread
[2.183s] INFO:colcon.colcon_core.shell:Creating prefix script '/home/glory/turtlesim_catch_them_all/install/local_setup.ps1'
[2.184s] INFO:colcon.colcon_core.shell:Creating prefix util module '/home/glory/turtlesim_catch_them_all/install/_local_setup_util_ps1.py'
[2.186s] INFO:colcon.colcon_core.shell:Creating prefix chain script '/home/glory/turtlesim_catch_them_all/install/setup.ps1'
[2.188s] INFO:colcon.colcon_core.shell:Creating prefix script '/home/glory/turtlesim_catch_them_all/install/local_setup.sh'
[2.189s] INFO:colcon.colcon_core.shell:Creating prefix util module '/home/glory/turtlesim_catch_them_all/install/_local_setup_util_sh.py'
[2.190s] INFO:colcon.colcon_core.shell:Creating prefix chain script '/home/glory/turtlesim_catch_them_all/install/setup.sh'
[2.192s] INFO:colcon.colcon_core.shell:Creating prefix script '/home/glory/turtlesim_catch_them_all/install/local_setup.bash'
[2.193s] INFO:colcon.colcon_core.shell:Creating prefix chain script '/home/glory/turtlesim_catch_them_all/install/setup.bash'
[2.195s] INFO:colcon.colcon_core.shell:Creating prefix script '/home/glory/turtlesim_catch_them_all/install/local_setup.zsh'
[2.196s] INFO:colcon.colcon_core.shell:Creating prefix chain script '/home/glory/turtlesim_catch_them_all/install/setup.zsh'
