[0.014s] Invoking command in '/home/glory/turtlesim_catch_them_all/build/my_turtle_interfaces': CMAKE_PREFIX_PATH=${CMAKE_PREFIX_PATH}:/home/glory/turtlesim_catch_them_all/install/py_pkg:/home/glory/ros2_ws/install/my_py_pkg:/home/glory/test1_ws/install/py_pkg:/opt/ros/humble /usr/bin/cmake --build /home/glory/turtlesim_catch_them_all/build/my_turtle_interfaces -- -j3 -l3
[0.118s] [  3%] Built target my_turtle_interfaces__cpp
[0.134s] [  3%] Built target ament_cmake_python_symlink_my_turtle_interfaces
[0.136s] [ 12%] Built target my_turtle_interfaces__rosidl_generator_c
[0.161s] [ 22%] Built target my_turtle_interfaces__rosidl_typesupport_cpp
[0.162s] [ 32%] Built target my_turtle_interfaces__rosidl_typesupport_fastrtps_cpp
[0.163s] [ 41%] Built target my_turtle_interfaces__rosidl_typesupport_introspection_cpp
[0.184s] [ 51%] Built target my_turtle_interfaces__rosidl_typesupport_fastrtps_c
[0.187s] [ 61%] Built target my_turtle_interfaces__rosidl_typesupport_introspection_c
[0.206s] [ 70%] Built target my_turtle_interfaces__rosidl_typesupport_c
[0.224s] [ 70%] Built target my_turtle_interfaces
[0.256s] [ 74%] Built target my_turtle_interfaces__py
[0.313s] [ 80%] Built target my_turtle_interfaces__rosidl_generator_py
[0.367s] [ 87%] Built target my_turtle_interfaces__rosidl_typesupport_fastrtps_c__pyext
[0.379s] [ 93%] Built target my_turtle_interfaces__rosidl_typesupport_introspection_c__pyext
[0.402s] [100%] Built target my_turtle_interfaces__rosidl_typesupport_c__pyext
[0.453s] running egg_info
[0.453s] writing my_turtle_interfaces.egg-info/PKG-INFO
[0.454s] writing dependency_links to my_turtle_interfaces.egg-info/dependency_links.txt
[0.454s] writing top-level names to my_turtle_interfaces.egg-info/top_level.txt
[0.457s] reading manifest file 'my_turtle_interfaces.egg-info/SOURCES.txt'
[0.457s] writing manifest file 'my_turtle_interfaces.egg-info/SOURCES.txt'
[0.477s] [100%] Built target ament_cmake_python_build_my_turtle_interfaces_egg
[0.494s] Invoked command in '/home/glory/turtlesim_catch_them_all/build/my_turtle_interfaces' returned '0': CMAKE_PREFIX_PATH=${CMAKE_PREFIX_PATH}:/home/glory/turtlesim_catch_them_all/install/py_pkg:/home/glory/ros2_ws/install/my_py_pkg:/home/glory/test1_ws/install/py_pkg:/opt/ros/humble /usr/bin/cmake --build /home/glory/turtlesim_catch_them_all/build/my_turtle_interfaces -- -j3 -l3
[0.555s] Invoking command in '/home/glory/turtlesim_catch_them_all/build/my_turtle_interfaces': CMAKE_PREFIX_PATH=${CMAKE_PREFIX_PATH}:/home/glory/turtlesim_catch_them_all/install/py_pkg:/home/glory/ros2_ws/install/my_py_pkg:/home/glory/test1_ws/install/py_pkg:/opt/ros/humble /usr/bin/cmake --install /home/glory/turtlesim_catch_them_all/build/my_turtle_interfaces
[0.564s] -- Install configuration: ""
[0.567s] -- Execute custom install script
[0.568s] -- Up-to-date symlink: /home/glory/turtlesim_catch_them_all/install/my_turtle_interfaces/share/ament_index/resource_index/rosidl_interfaces/my_turtle_interfaces
[0.570s] -- Up-to-date symlink: /home/glory/turtlesim_catch_them_all/install/my_turtle_interfaces/include/my_turtle_interfaces/my_turtle_interfaces/msg/detail/turtle_info__functions.h
[0.570s] -- Up-to-date symlink: /home/glory/turtlesim_catch_them_all/install/my_turtle_interfaces/include/my_turtle_interfaces/my_turtle_interfaces/msg/detail/turtle_info__struct.h
[0.571s] -- Up-to-date symlink: /home/glory/turtlesim_catch_them_all/install/my_turtle_interfaces/include/my_turtle_interfaces/my_turtle_interfaces/msg/detail/turtle_info__type_support.h
[0.571s] -- Up-to-date symlink: /home/glory/turtlesim_catch_them_all/install/my_turtle_interfaces/include/my_turtle_interfaces/my_turtle_interfaces/msg/rosidl_generator_c__visibility_control.h
[0.572s] -- Up-to-date symlink: /home/glory/turtlesim_catch_them_all/install/my_turtle_interfaces/include/my_turtle_interfaces/my_turtle_interfaces/msg/turtle_info.h
[0.572s] -- Up-to-date symlink: /home/glory/turtlesim_catch_them_all/install/my_turtle_interfaces/share/my_turtle_interfaces/environment/library_path.sh
[0.572s] -- Up-to-date symlink: /home/glory/turtlesim_catch_them_all/install/my_turtle_interfaces/share/my_turtle_interfaces/environment/library_path.dsv
[0.573s] -- Up-to-date symlink: /home/glory/turtlesim_catch_them_all/install/my_turtle_interfaces/include/my_turtle_interfaces/my_turtle_interfaces/msg/detail/turtle_info__rosidl_typesupport_fastrtps_c.h
[0.573s] -- Up-to-date symlink: /home/glory/turtlesim_catch_them_all/install/my_turtle_interfaces/include/my_turtle_interfaces/my_turtle_interfaces/msg/rosidl_typesupport_fastrtps_c__visibility_control.h
[0.575s] -- Up-to-date symlink: /home/glory/turtlesim_catch_them_all/install/my_turtle_interfaces/include/my_turtle_interfaces/my_turtle_interfaces/msg/detail/turtle_info__rosidl_typesupport_introspection_c.h
[0.575s] -- Up-to-date symlink: /home/glory/turtlesim_catch_them_all/install/my_turtle_interfaces/include/my_turtle_interfaces/my_turtle_interfaces/msg/rosidl_typesupport_introspection_c__visibility_control.h
[0.576s] -- Up-to-date symlink: /home/glory/turtlesim_catch_them_all/install/my_turtle_interfaces/include/my_turtle_interfaces/my_turtle_interfaces/msg/detail/turtle_info__builder.hpp
[0.576s] -- Up-to-date symlink: /home/glory/turtlesim_catch_them_all/install/my_turtle_interfaces/include/my_turtle_interfaces/my_turtle_interfaces/msg/detail/turtle_info__struct.hpp
[0.577s] -- Up-to-date symlink: /home/glory/turtlesim_catch_them_all/install/my_turtle_interfaces/include/my_turtle_interfaces/my_turtle_interfaces/msg/detail/turtle_info__traits.hpp
[0.577s] -- Up-to-date symlink: /home/glory/turtlesim_catch_them_all/install/my_turtle_interfaces/include/my_turtle_interfaces/my_turtle_interfaces/msg/turtle_info.hpp
[0.578s] -- Up-to-date symlink: /home/glory/turtlesim_catch_them_all/install/my_turtle_interfaces/include/my_turtle_interfaces/my_turtle_interfaces/msg/detail/turtle_info__rosidl_typesupport_fastrtps_cpp.hpp
[0.579s] -- Up-to-date symlink: /home/glory/turtlesim_catch_them_all/install/my_turtle_interfaces/include/my_turtle_interfaces/my_turtle_interfaces/msg/rosidl_typesupport_fastrtps_cpp__visibility_control.h
[0.580s] -- Up-to-date symlink: /home/glory/turtlesim_catch_them_all/install/my_turtle_interfaces/include/my_turtle_interfaces/my_turtle_interfaces/msg/detail/turtle_info__rosidl_typesupport_introspection_cpp.hpp
[0.580s] -- Up-to-date symlink: /home/glory/turtlesim_catch_them_all/install/my_turtle_interfaces/share/my_turtle_interfaces/environment/pythonpath.sh
[0.581s] -- Up-to-date symlink: /home/glory/turtlesim_catch_them_all/install/my_turtle_interfaces/share/my_turtle_interfaces/environment/pythonpath.dsv
[0.582s] -- Up-to-date symlink: /home/glory/turtlesim_catch_them_all/install/my_turtle_interfaces/local/lib/python3.10/dist-packages/my_turtle_interfaces-0.0.0-py3.10.egg-info/PKG-INFO
[0.582s] -- Up-to-date symlink: /home/glory/turtlesim_catch_them_all/install/my_turtle_interfaces/local/lib/python3.10/dist-packages/my_turtle_interfaces-0.0.0-py3.10.egg-info/SOURCES.txt
[0.583s] -- Up-to-date symlink: /home/glory/turtlesim_catch_them_all/install/my_turtle_interfaces/local/lib/python3.10/dist-packages/my_turtle_interfaces-0.0.0-py3.10.egg-info/dependency_links.txt
[0.583s] -- Up-to-date symlink: /home/glory/turtlesim_catch_them_all/install/my_turtle_interfaces/local/lib/python3.10/dist-packages/my_turtle_interfaces-0.0.0-py3.10.egg-info/top_level.txt
[0.584s] -- Up-to-date symlink: /home/glory/turtlesim_catch_them_all/install/my_turtle_interfaces/local/lib/python3.10/dist-packages/my_turtle_interfaces/__init__.py
[0.584s] -- Up-to-date symlink: /home/glory/turtlesim_catch_them_all/install/my_turtle_interfaces/local/lib/python3.10/dist-packages/my_turtle_interfaces/_my_turtle_interfaces_s.ep.rosidl_typesupport_c.c
[0.585s] -- Up-to-date symlink: /home/glory/turtlesim_catch_them_all/install/my_turtle_interfaces/local/lib/python3.10/dist-packages/my_turtle_interfaces/_my_turtle_interfaces_s.ep.rosidl_typesupport_fastrtps_c.c
[0.585s] -- Up-to-date symlink: /home/glory/turtlesim_catch_them_all/install/my_turtle_interfaces/local/lib/python3.10/dist-packages/my_turtle_interfaces/_my_turtle_interfaces_s.ep.rosidl_typesupport_introspection_c.c
[0.585s] -- Up-to-date symlink: /home/glory/turtlesim_catch_them_all/install/my_turtle_interfaces/local/lib/python3.10/dist-packages/my_turtle_interfaces/libmy_turtle_interfaces__rosidl_generator_py.so
[0.586s] -- Up-to-date symlink: /home/glory/turtlesim_catch_them_all/install/my_turtle_interfaces/local/lib/python3.10/dist-packages/my_turtle_interfaces/msg/__init__.py
[0.586s] -- Up-to-date symlink: /home/glory/turtlesim_catch_them_all/install/my_turtle_interfaces/local/lib/python3.10/dist-packages/my_turtle_interfaces/msg/_turtle_info.py
[0.586s] -- Up-to-date symlink: /home/glory/turtlesim_catch_them_all/install/my_turtle_interfaces/local/lib/python3.10/dist-packages/my_turtle_interfaces/msg/_turtle_info_s.c
[0.586s] -- Up-to-date symlink: /home/glory/turtlesim_catch_them_all/install/my_turtle_interfaces/local/lib/python3.10/dist-packages/my_turtle_interfaces/my_turtle_interfaces_s__rosidl_typesupport_c.cpython-310-x86_64-linux-gnu.so
[0.587s] -- Up-to-date symlink: /home/glory/turtlesim_catch_them_all/install/my_turtle_interfaces/local/lib/python3.10/dist-packages/my_turtle_interfaces/my_turtle_interfaces_s__rosidl_typesupport_fastrtps_c.cpython-310-x86_64-linux-gnu.so
[0.587s] -- Up-to-date symlink: /home/glory/turtlesim_catch_them_all/install/my_turtle_interfaces/local/lib/python3.10/dist-packages/my_turtle_interfaces/my_turtle_interfaces_s__rosidl_typesupport_introspection_c.cpython-310-x86_64-linux-gnu.so
[0.587s] -- Up-to-date symlink: /home/glory/turtlesim_catch_them_all/install/my_turtle_interfaces/local/lib/python3.10/dist-packages/my_turtle_interfaces/my_turtle_interfaces_s__rosidl_typesupport_fastrtps_c.cpython-310-x86_64-linux-gnu.so
[0.587s] -- Up-to-date symlink: /home/glory/turtlesim_catch_them_all/install/my_turtle_interfaces/local/lib/python3.10/dist-packages/my_turtle_interfaces/my_turtle_interfaces_s__rosidl_typesupport_introspection_c.cpython-310-x86_64-linux-gnu.so
[0.587s] -- Up-to-date symlink: /home/glory/turtlesim_catch_them_all/install/my_turtle_interfaces/local/lib/python3.10/dist-packages/my_turtle_interfaces/my_turtle_interfaces_s__rosidl_typesupport_c.cpython-310-x86_64-linux-gnu.so
[0.588s] -- Up-to-date symlink: /home/glory/turtlesim_catch_them_all/install/my_turtle_interfaces/share/my_turtle_interfaces/msg/TurtleInfo.idl
[0.588s] -- Up-to-date symlink: /home/glory/turtlesim_catch_them_all/install/my_turtle_interfaces/share/my_turtle_interfaces/msg/TurtleInfo.msg
[0.588s] -- Up-to-date symlink: /home/glory/turtlesim_catch_them_all/install/my_turtle_interfaces/share/ament_index/resource_index/package_run_dependencies/my_turtle_interfaces
[0.588s] -- Up-to-date symlink: /home/glory/turtlesim_catch_them_all/install/my_turtle_interfaces/share/ament_index/resource_index/parent_prefix_path/my_turtle_interfaces
[0.588s] -- Up-to-date symlink: /home/glory/turtlesim_catch_them_all/install/my_turtle_interfaces/share/my_turtle_interfaces/environment/ament_prefix_path.sh
[0.588s] -- Up-to-date symlink: /home/glory/turtlesim_catch_them_all/install/my_turtle_interfaces/share/my_turtle_interfaces/environment/ament_prefix_path.dsv
[0.588s] -- Up-to-date symlink: /home/glory/turtlesim_catch_them_all/install/my_turtle_interfaces/share/my_turtle_interfaces/environment/path.sh
[0.588s] -- Up-to-date symlink: /home/glory/turtlesim_catch_them_all/install/my_turtle_interfaces/share/my_turtle_interfaces/environment/path.dsv
[0.588s] -- Up-to-date symlink: /home/glory/turtlesim_catch_them_all/install/my_turtle_interfaces/share/my_turtle_interfaces/local_setup.bash
[0.588s] -- Up-to-date symlink: /home/glory/turtlesim_catch_them_all/install/my_turtle_interfaces/share/my_turtle_interfaces/local_setup.sh
[0.588s] -- Up-to-date symlink: /home/glory/turtlesim_catch_them_all/install/my_turtle_interfaces/share/my_turtle_interfaces/local_setup.zsh
[0.588s] -- Up-to-date symlink: /home/glory/turtlesim_catch_them_all/install/my_turtle_interfaces/share/my_turtle_interfaces/local_setup.dsv
[0.588s] -- Symlinking: /home/glory/turtlesim_catch_them_all/install/my_turtle_interfaces/share/my_turtle_interfaces/package.dsv
[0.596s] -- Up-to-date symlink: /home/glory/turtlesim_catch_them_all/install/my_turtle_interfaces/share/ament_index/resource_index/packages/my_turtle_interfaces
[0.597s] -- Up-to-date symlink: /home/glory/turtlesim_catch_them_all/install/my_turtle_interfaces/share/my_turtle_interfaces/cmake/rosidl_cmake-extras.cmake
[0.597s] -- Up-to-date symlink: /home/glory/turtlesim_catch_them_all/install/my_turtle_interfaces/share/my_turtle_interfaces/cmake/ament_cmake_export_include_directories-extras.cmake
[0.598s] -- Up-to-date symlink: /home/glory/turtlesim_catch_them_all/install/my_turtle_interfaces/share/my_turtle_interfaces/cmake/ament_cmake_export_libraries-extras.cmake
[0.598s] -- Up-to-date symlink: /home/glory/turtlesim_catch_them_all/install/my_turtle_interfaces/share/my_turtle_interfaces/cmake/ament_cmake_export_targets-extras.cmake
[0.599s] -- Up-to-date symlink: /home/glory/turtlesim_catch_them_all/install/my_turtle_interfaces/share/my_turtle_interfaces/cmake/rosidl_cmake_export_typesupport_targets-extras.cmake
[0.599s] -- Up-to-date symlink: /home/glory/turtlesim_catch_them_all/install/my_turtle_interfaces/share/my_turtle_interfaces/cmake/ament_cmake_export_dependencies-extras.cmake
[0.599s] -- Up-to-date symlink: /home/glory/turtlesim_catch_them_all/install/my_turtle_interfaces/share/my_turtle_interfaces/cmake/rosidl_cmake_export_typesupport_libraries-extras.cmake
[0.600s] -- Up-to-date symlink: /home/glory/turtlesim_catch_them_all/install/my_turtle_interfaces/share/my_turtle_interfaces/cmake/my_turtle_interfacesConfig.cmake
[0.600s] -- Up-to-date symlink: /home/glory/turtlesim_catch_them_all/install/my_turtle_interfaces/share/my_turtle_interfaces/cmake/my_turtle_interfacesConfig-version.cmake
[0.601s] -- Up-to-date symlink: /home/glory/turtlesim_catch_them_all/install/my_turtle_interfaces/share/my_turtle_interfaces/package.xml
[0.602s] -- Up-to-date: /home/glory/turtlesim_catch_them_all/install/my_turtle_interfaces/lib/libmy_turtle_interfaces__rosidl_generator_c.so
[0.603s] -- Up-to-date: /home/glory/turtlesim_catch_them_all/install/my_turtle_interfaces/lib/libmy_turtle_interfaces__rosidl_typesupport_fastrtps_c.so
[0.604s] -- Up-to-date: /home/glory/turtlesim_catch_them_all/install/my_turtle_interfaces/lib/libmy_turtle_interfaces__rosidl_typesupport_introspection_c.so
[0.604s] -- Up-to-date: /home/glory/turtlesim_catch_them_all/install/my_turtle_interfaces/lib/libmy_turtle_interfaces__rosidl_typesupport_c.so
[0.605s] -- Up-to-date: /home/glory/turtlesim_catch_them_all/install/my_turtle_interfaces/lib/libmy_turtle_interfaces__rosidl_typesupport_fastrtps_cpp.so
[0.606s] -- Up-to-date: /home/glory/turtlesim_catch_them_all/install/my_turtle_interfaces/lib/libmy_turtle_interfaces__rosidl_typesupport_introspection_cpp.so
[0.606s] -- Up-to-date: /home/glory/turtlesim_catch_them_all/install/my_turtle_interfaces/lib/libmy_turtle_interfaces__rosidl_typesupport_cpp.so
[0.636s] Listing '/home/glory/turtlesim_catch_them_all/install/my_turtle_interfaces/local/lib/python3.10/dist-packages/my_turtle_interfaces'...
[0.636s] Listing '/home/glory/turtlesim_catch_them_all/install/my_turtle_interfaces/local/lib/python3.10/dist-packages/my_turtle_interfaces/msg'...
[0.640s] -- Up-to-date: /home/glory/turtlesim_catch_them_all/install/my_turtle_interfaces/lib/libmy_turtle_interfaces__rosidl_generator_py.so
[0.645s] -- Up-to-date: /home/glory/turtlesim_catch_them_all/install/my_turtle_interfaces/share/my_turtle_interfaces/cmake/export_my_turtle_interfaces__rosidl_generator_cExport.cmake
[0.645s] -- Up-to-date: /home/glory/turtlesim_catch_them_all/install/my_turtle_interfaces/share/my_turtle_interfaces/cmake/export_my_turtle_interfaces__rosidl_generator_cExport-noconfig.cmake
[0.648s] -- Up-to-date: /home/glory/turtlesim_catch_them_all/install/my_turtle_interfaces/share/my_turtle_interfaces/cmake/export_my_turtle_interfaces__rosidl_typesupport_fastrtps_cExport.cmake
[0.648s] -- Up-to-date: /home/glory/turtlesim_catch_them_all/install/my_turtle_interfaces/share/my_turtle_interfaces/cmake/export_my_turtle_interfaces__rosidl_typesupport_fastrtps_cExport-noconfig.cmake
[0.649s] -- Up-to-date: /home/glory/turtlesim_catch_them_all/install/my_turtle_interfaces/share/my_turtle_interfaces/cmake/my_turtle_interfaces__rosidl_typesupport_introspection_cExport.cmake
[0.649s] -- Up-to-date: /home/glory/turtlesim_catch_them_all/install/my_turtle_interfaces/share/my_turtle_interfaces/cmake/my_turtle_interfaces__rosidl_typesupport_introspection_cExport-noconfig.cmake
[0.650s] -- Up-to-date: /home/glory/turtlesim_catch_them_all/install/my_turtle_interfaces/share/my_turtle_interfaces/cmake/my_turtle_interfaces__rosidl_typesupport_cExport.cmake
[0.650s] -- Up-to-date: /home/glory/turtlesim_catch_them_all/install/my_turtle_interfaces/share/my_turtle_interfaces/cmake/my_turtle_interfaces__rosidl_typesupport_cExport-noconfig.cmake
[0.651s] -- Up-to-date: /home/glory/turtlesim_catch_them_all/install/my_turtle_interfaces/share/my_turtle_interfaces/cmake/export_my_turtle_interfaces__rosidl_generator_cppExport.cmake
[0.653s] -- Up-to-date: /home/glory/turtlesim_catch_them_all/install/my_turtle_interfaces/share/my_turtle_interfaces/cmake/export_my_turtle_interfaces__rosidl_typesupport_fastrtps_cppExport.cmake
[0.653s] -- Up-to-date: /home/glory/turtlesim_catch_them_all/install/my_turtle_interfaces/share/my_turtle_interfaces/cmake/export_my_turtle_interfaces__rosidl_typesupport_fastrtps_cppExport-noconfig.cmake
[0.654s] -- Up-to-date: /home/glory/turtlesim_catch_them_all/install/my_turtle_interfaces/share/my_turtle_interfaces/cmake/my_turtle_interfaces__rosidl_typesupport_introspection_cppExport.cmake
[0.654s] -- Up-to-date: /home/glory/turtlesim_catch_them_all/install/my_turtle_interfaces/share/my_turtle_interfaces/cmake/my_turtle_interfaces__rosidl_typesupport_introspection_cppExport-noconfig.cmake
[0.655s] -- Up-to-date: /home/glory/turtlesim_catch_them_all/install/my_turtle_interfaces/share/my_turtle_interfaces/cmake/my_turtle_interfaces__rosidl_typesupport_cppExport.cmake
[0.655s] -- Up-to-date: /home/glory/turtlesim_catch_them_all/install/my_turtle_interfaces/share/my_turtle_interfaces/cmake/my_turtle_interfaces__rosidl_typesupport_cppExport-noconfig.cmake
[0.656s] -- Up-to-date: /home/glory/turtlesim_catch_them_all/install/my_turtle_interfaces/share/my_turtle_interfaces/cmake/export_my_turtle_interfaces__rosidl_generator_pyExport.cmake
[0.656s] -- Up-to-date: /home/glory/turtlesim_catch_them_all/install/my_turtle_interfaces/share/my_turtle_interfaces/cmake/export_my_turtle_interfaces__rosidl_generator_pyExport-noconfig.cmake
[0.658s] Invoked command in '/home/glory/turtlesim_catch_them_all/build/my_turtle_interfaces' returned '0': CMAKE_PREFIX_PATH=${CMAKE_PREFIX_PATH}:/home/glory/turtlesim_catch_them_all/install/py_pkg:/home/glory/ros2_ws/install/my_py_pkg:/home/glory/test1_ws/install/py_pkg:/opt/ros/humble /usr/bin/cmake --install /home/glory/turtlesim_catch_them_all/build/my_turtle_interfaces
